{"meta": {"format": 3, "version": "7.9.2", "timestamp": "2025-07-21T10:29:35.640609", "branch_coverage": true, "show_contexts": false}, "files": {"src/esper/__init__.py": {"executed_lines": [1, 6, 7, 8, 9, 10, 11, 13, 15, 16, 18, 28, 30], "summary": {"covered_lines": 12, "num_statements": 12, "percent_covered": 100.0, "percent_covered_display": "100.00", "missing_lines": 0, "excluded_lines": 0, "num_branches": 0, "num_partial_branches": 0, "covered_branches": 0, "missing_branches": 0}, "missing_lines": [], "excluded_lines": [], "executed_branches": [], "missing_branches": [], "functions": {"": {"executed_lines": [1, 6, 7, 8, 9, 10, 11, 13, 15, 16, 18, 28, 30], "summary": {"covered_lines": 12, "num_statements": 12, "percent_covered": 100.0, "percent_covered_display": "100.00", "missing_lines": 0, "excluded_lines": 0, "num_branches": 0, "num_partial_branches": 0, "covered_branches": 0, "missing_branches": 0}, "missing_lines": [], "excluded_lines": [], "executed_branches": [], "missing_branches": []}}, "classes": {"": {"executed_lines": [1, 6, 7, 8, 9, 10, 11, 13, 15, 16, 18, 28, 30], "summary": {"covered_lines": 12, "num_statements": 12, "percent_covered": 100.0, "percent_covered_display": "100.00", "missing_lines": 0, "excluded_lines": 0, "num_branches": 0, "num_partial_branches": 0, "covered_branches": 0, "missing_branches": 0}, "missing_lines": [], "excluded_lines": [], "executed_branches": [], "missing_branches": []}}}, "src/esper/configs.py": {"executed_lines": [1, 5, 6, 7, 9, 10, 13, 14, 16, 17, 18, 19, 20, 21, 24, 25, 27, 28, 29, 30, 33, 34, 36, 37, 38, 39, 40, 43, 44, 46, 47, 48, 49, 52, 53, 55, 56, 57, 59, 60, 61, 63, 66, 69], "summary": {"covered_lines": 38, "num_statements": 38, "percent_covered": 100.0, "percent_covered_display": "100.00", "missing_lines": 0, "excluded_lines": 0, "num_branches": 0, "num_partial_branches": 0, "covered_branches": 0, "missing_branches": 0}, "missing_lines": [], "excluded_lines": [], "executed_branches": [], "missing_branches": [], "functions": {"": {"executed_lines": [1, 5, 6, 7, 9, 10, 13, 14, 16, 17, 18, 19, 20, 21, 24, 25, 27, 28, 29, 30, 33, 34, 36, 37, 38, 39, 40, 43, 44, 46, 47, 48, 49, 52, 53, 55, 56, 57, 59, 60, 61, 63, 66, 69], "summary": {"covered_lines": 38, "num_statements": 38, "percent_covered": 100.0, "percent_covered_display": "100.00", "missing_lines": 0, "excluded_lines": 0, "num_branches": 0, "num_partial_branches": 0, "covered_branches": 0, "missing_branches": 0}, "missing_lines": [], "excluded_lines": [], "executed_branches": [], "missing_branches": []}}, "classes": {"DatabaseConfig": {"executed_lines": [], "summary": {"covered_lines": 0, "num_statements": 0, "percent_covered": 100.0, "percent_covered_display": "100.00", "missing_lines": 0, "excluded_lines": 0, "num_branches": 0, "num_partial_branches": 0, "covered_branches": 0, "missing_branches": 0}, "missing_lines": [], "excluded_lines": [], "executed_branches": [], "missing_branches": []}, "RedisConfig": {"executed_lines": [], "summary": {"covered_lines": 0, "num_statements": 0, "percent_covered": 100.0, "percent_covered_display": "100.00", "missing_lines": 0, "excluded_lines": 0, "num_branches": 0, "num_partial_branches": 0, "covered_branches": 0, "missing_branches": 0}, "missing_lines": [], "excluded_lines": [], "executed_branches": [], "missing_branches": []}, "StorageConfig": {"executed_lines": [], "summary": {"covered_lines": 0, "num_statements": 0, "percent_covered": 100.0, "percent_covered_display": "100.00", "missing_lines": 0, "excluded_lines": 0, "num_branches": 0, "num_partial_branches": 0, "covered_branches": 0, "missing_branches": 0}, "missing_lines": [], "excluded_lines": [], "executed_branches": [], "missing_branches": []}, "ComponentConfig": {"executed_lines": [], "summary": {"covered_lines": 0, "num_statements": 0, "percent_covered": 100.0, "percent_covered_display": "100.00", "missing_lines": 0, "excluded_lines": 0, "num_branches": 0, "num_partial_branches": 0, "covered_branches": 0, "missing_branches": 0}, "missing_lines": [], "excluded_lines": [], "executed_branches": [], "missing_branches": []}, "EsperConfig": {"executed_lines": [], "summary": {"covered_lines": 0, "num_statements": 0, "percent_covered": 100.0, "percent_covered_display": "100.00", "missing_lines": 0, "excluded_lines": 0, "num_branches": 0, "num_partial_branches": 0, "covered_branches": 0, "missing_branches": 0}, "missing_lines": [], "excluded_lines": [], "executed_branches": [], "missing_branches": []}, "": {"executed_lines": [1, 5, 6, 7, 9, 10, 13, 14, 16, 17, 18, 19, 20, 21, 24, 25, 27, 28, 29, 30, 33, 34, 36, 37, 38, 39, 40, 43, 44, 46, 47, 48, 49, 52, 53, 55, 56, 57, 59, 60, 61, 63, 66, 69], "summary": {"covered_lines": 38, "num_statements": 38, "percent_covered": 100.0, "percent_covered_display": "100.00", "missing_lines": 0, "excluded_lines": 0, "num_branches": 0, "num_partial_branches": 0, "covered_branches": 0, "missing_branches": 0}, "missing_lines": [], "excluded_lines": [], "executed_branches": [], "missing_branches": []}}}, "src/esper/contracts/__init__.py": {"executed_lines": [1, 6], "summary": {"covered_lines": 1, "num_statements": 1, "percent_covered": 100.0, "percent_covered_display": "100.00", "missing_lines": 0, "excluded_lines": 0, "num_branches": 0, "num_partial_branches": 0, "covered_branches": 0, "missing_branches": 0}, "missing_lines": [], "excluded_lines": [], "executed_branches": [], "missing_branches": [], "functions": {"": {"executed_lines": [1, 6], "summary": {"covered_lines": 1, "num_statements": 1, "percent_covered": 100.0, "percent_covered_display": "100.00", "missing_lines": 0, "excluded_lines": 0, "num_branches": 0, "num_partial_branches": 0, "covered_branches": 0, "missing_branches": 0}, "missing_lines": [], "excluded_lines": [], "executed_branches": [], "missing_branches": []}}, "classes": {"": {"executed_lines": [1, 6], "summary": {"covered_lines": 1, "num_statements": 1, "percent_covered": 100.0, "percent_covered_display": "100.00", "missing_lines": 0, "excluded_lines": 0, "num_branches": 0, "num_partial_branches": 0, "covered_branches": 0, "missing_branches": 0}, "missing_lines": [], "excluded_lines": [], "executed_branches": [], "missing_branches": []}}}, "src/esper/contracts/assets.py": {"executed_lines": [1, 6, 7, 8, 9, 10, 11, 12, 14, 15, 16, 18, 19, 22, 24, 27, 29, 32, 33, 35, 46, 47, 48, 49, 50, 51, 52, 53, 55, 57, 59, 61, 64, 65, 67, 77, 78, 79, 80, 81, 82, 83, 84, 85, 86, 90, 92, 94, 96, 98, 100, 101, 104, 105, 108, 111, 112, 114, 124, 125, 126, 127, 128, 129, 130, 131, 135, 136, 138, 140, 142, 144, 145, 146, 148], "summary": {"covered_lines": 71, "num_statements": 71, "percent_covered": 100.0, "percent_covered_display": "100.00", "missing_lines": 0, "excluded_lines": 0, "num_branches": 2, "num_partial_branches": 0, "covered_branches": 2, "missing_branches": 0}, "missing_lines": [], "excluded_lines": [], "executed_branches": [[100, 101], [100, 104]], "missing_branches": [], "functions": {"_empty_dict": {"executed_lines": [24], "summary": {"covered_lines": 1, "num_statements": 1, "percent_covered": 100.0, "percent_covered_display": "100.00", "missing_lines": 0, "excluded_lines": 0, "num_branches": 0, "num_partial_branches": 0, "covered_branches": 0, "missing_branches": 0}, "missing_lines": [], "excluded_lines": [], "executed_branches": [], "missing_branches": []}, "_empty_float_dict": {"executed_lines": [29], "summary": {"covered_lines": 1, "num_statements": 1, "percent_covered": 100.0, "percent_covered_display": "100.00", "missing_lines": 0, "excluded_lines": 0, "num_branches": 0, "num_partial_branches": 0, "covered_branches": 0, "missing_branches": 0}, "missing_lines": [], "excluded_lines": [], "executed_branches": [], "missing_branches": []}, "Seed.state_display": {"executed_lines": [57], "summary": {"covered_lines": 1, "num_statements": 1, "percent_covered": 100.0, "percent_covered_display": "100.00", "missing_lines": 0, "excluded_lines": 0, "num_branches": 0, "num_partial_branches": 0, "covered_branches": 0, "missing_branches": 0}, "missing_lines": [], "excluded_lines": [], "executed_branches": [], "missing_branches": []}, "Seed.is_active": {"executed_lines": [61], "summary": {"covered_lines": 1, "num_statements": 1, "percent_covered": 100.0, "percent_covered_display": "100.00", "missing_lines": 0, "excluded_lines": 0, "num_branches": 0, "num_partial_branches": 0, "covered_branches": 0, "missing_branches": 0}, "missing_lines": [], "excluded_lines": [], "executed_branches": [], "missing_branches": []}, "Blueprint.state_display": {"executed_lines": [92], "summary": {"covered_lines": 1, "num_statements": 1, "percent_covered": 100.0, "percent_covered_display": "100.00", "missing_lines": 0, "excluded_lines": 0, "num_branches": 0, "num_partial_branches": 0, "covered_branches": 0, "missing_branches": 0}, "missing_lines": [], "excluded_lines": [], "executed_branches": [], "missing_branches": []}, "Blueprint.is_ready_for_deployment": {"executed_lines": [96], "summary": {"covered_lines": 1, "num_statements": 1, "percent_covered": 100.0, "percent_covered_display": "100.00", "missing_lines": 0, "excluded_lines": 0, "num_branches": 0, "num_partial_branches": 0, "covered_branches": 0, "missing_branches": 0}, "missing_lines": [], "excluded_lines": [], "executed_branches": [], "missing_branches": []}, "Blueprint.get_performance_summary": {"executed_lines": [100, 101, 104, 105, 108], "summary": {"covered_lines": 5, "num_statements": 5, "percent_covered": 100.0, "percent_covered_display": "100.00", "missing_lines": 0, "excluded_lines": 0, "num_branches": 2, "num_partial_branches": 0, "covered_branches": 2, "missing_branches": 0}, "missing_lines": [], "excluded_lines": [], "executed_branches": [[100, 101], [100, 104]], "missing_branches": []}, "TrainingSession.get_active_seed_count": {"executed_lines": [140], "summary": {"covered_lines": 1, "num_statements": 1, "percent_covered": 100.0, "percent_covered_display": "100.00", "missing_lines": 0, "excluded_lines": 0, "num_branches": 0, "num_partial_branches": 0, "covered_branches": 0, "missing_branches": 0}, "missing_lines": [], "excluded_lines": [], "executed_branches": [], "missing_branches": []}, "TrainingSession.get_session_summary": {"executed_lines": [144, 145, 146, 148], "summary": {"covered_lines": 4, "num_statements": 4, "percent_covered": 100.0, "percent_covered_display": "100.00", "missing_lines": 0, "excluded_lines": 0, "num_branches": 0, "num_partial_branches": 0, "covered_branches": 0, "missing_branches": 0}, "missing_lines": [], "excluded_lines": [], "executed_branches": [], "missing_branches": []}, "": {"executed_lines": [1, 6, 7, 8, 9, 10, 11, 12, 14, 15, 16, 18, 19, 22, 27, 32, 33, 35, 46, 47, 48, 49, 50, 51, 52, 53, 55, 59, 64, 65, 67, 77, 78, 79, 80, 81, 82, 83, 84, 85, 86, 90, 94, 98, 111, 112, 114, 124, 125, 126, 127, 128, 129, 130, 131, 135, 136, 138, 142], "summary": {"covered_lines": 55, "num_statements": 55, "percent_covered": 100.0, "percent_covered_display": "100.00", "missing_lines": 0, "excluded_lines": 0, "num_branches": 0, "num_partial_branches": 0, "covered_branches": 0, "missing_branches": 0}, "missing_lines": [], "excluded_lines": [], "executed_branches": [], "missing_branches": []}}, "classes": {"Seed": {"executed_lines": [57, 61], "summary": {"covered_lines": 2, "num_statements": 2, "percent_covered": 100.0, "percent_covered_display": "100.00", "missing_lines": 0, "excluded_lines": 0, "num_branches": 0, "num_partial_branches": 0, "covered_branches": 0, "missing_branches": 0}, "missing_lines": [], "excluded_lines": [], "executed_branches": [], "missing_branches": []}, "Blueprint": {"executed_lines": [92, 96, 100, 101, 104, 105, 108], "summary": {"covered_lines": 7, "num_statements": 7, "percent_covered": 100.0, "percent_covered_display": "100.00", "missing_lines": 0, "excluded_lines": 0, "num_branches": 2, "num_partial_branches": 0, "covered_branches": 2, "missing_branches": 0}, "missing_lines": [], "excluded_lines": [], "executed_branches": [[100, 101], [100, 104]], "missing_branches": []}, "TrainingSession": {"executed_lines": [140, 144, 145, 146, 148], "summary": {"covered_lines": 5, "num_statements": 5, "percent_covered": 100.0, "percent_covered_display": "100.00", "missing_lines": 0, "excluded_lines": 0, "num_branches": 0, "num_partial_branches": 0, "covered_branches": 0, "missing_branches": 0}, "missing_lines": [], "excluded_lines": [], "executed_branches": [], "missing_branches": []}, "": {"executed_lines": [1, 6, 7, 8, 9, 10, 11, 12, 14, 15, 16, 18, 19, 22, 24, 27, 29, 32, 33, 35, 46, 47, 48, 49, 50, 51, 52, 53, 55, 59, 64, 65, 67, 77, 78, 79, 80, 81, 82, 83, 84, 85, 86, 90, 94, 98, 111, 112, 114, 124, 125, 126, 127, 128, 129, 130, 131, 135, 136, 138, 142], "summary": {"covered_lines": 57, "num_statements": 57, "percent_covered": 100.0, "percent_covered_display": "100.00", "missing_lines": 0, "excluded_lines": 0, "num_branches": 0, "num_partial_branches": 0, "covered_branches": 0, "missing_branches": 0}, "missing_lines": [], "excluded_lines": [], "executed_branches": [], "missing_branches": []}}}, "src/esper/contracts/enums.py": {"executed_lines": [1, 5, 8, 9, 11, 12, 13, 14, 15, 16, 19, 20, 22, 23, 24, 25, 26, 27, 28, 31, 32, 34, 35, 36, 37, 40, 41, 43, 44, 45, 46, 47, 48, 49, 50, 51, 52, 53, 56, 57, 59, 60, 61, 62, 65, 66, 68, 69, 70, 71], "summary": {"covered_lines": 43, "num_statements": 43, "percent_covered": 100.0, "percent_covered_display": "100.00", "missing_lines": 0, "excluded_lines": 0, "num_branches": 0, "num_partial_branches": 0, "covered_branches": 0, "missing_branches": 0}, "missing_lines": [], "excluded_lines": [], "executed_branches": [], "missing_branches": [], "functions": {"": {"executed_lines": [1, 5, 8, 9, 11, 12, 13, 14, 15, 16, 19, 20, 22, 23, 24, 25, 26, 27, 28, 31, 32, 34, 35, 36, 37, 40, 41, 43, 44, 45, 46, 47, 48, 49, 50, 51, 52, 53, 56, 57, 59, 60, 61, 62, 65, 66, 68, 69, 70, 71], "summary": {"covered_lines": 43, "num_statements": 43, "percent_covered": 100.0, "percent_covered_display": "100.00", "missing_lines": 0, "excluded_lines": 0, "num_branches": 0, "num_partial_branches": 0, "covered_branches": 0, "missing_branches": 0}, "missing_lines": [], "excluded_lines": [], "executed_branches": [], "missing_branches": []}}, "classes": {"SeedState": {"executed_lines": [], "summary": {"covered_lines": 0, "num_statements": 0, "percent_covered": 100.0, "percent_covered_display": "100.00", "missing_lines": 0, "excluded_lines": 0, "num_branches": 0, "num_partial_branches": 0, "covered_branches": 0, "missing_branches": 0}, "missing_lines": [], "excluded_lines": [], "executed_branches": [], "missing_branches": []}, "BlueprintState": {"executed_lines": [], "summary": {"covered_lines": 0, "num_statements": 0, "percent_covered": 100.0, "percent_covered_display": "100.00", "missing_lines": 0, "excluded_lines": 0, "num_branches": 0, "num_partial_branches": 0, "covered_branches": 0, "missing_branches": 0}, "missing_lines": [], "excluded_lines": [], "executed_branches": [], "missing_branches": []}, "SystemHealth": {"executed_lines": [], "summary": {"covered_lines": 0, "num_statements": 0, "percent_covered": 100.0, "percent_covered_display": "100.00", "missing_lines": 0, "excluded_lines": 0, "num_branches": 0, "num_partial_branches": 0, "covered_branches": 0, "missing_branches": 0}, "missing_lines": [], "excluded_lines": [], "executed_branches": [], "missing_branches": []}, "ComponentType": {"executed_lines": [], "summary": {"covered_lines": 0, "num_statements": 0, "percent_covered": 100.0, "percent_covered_display": "100.00", "missing_lines": 0, "excluded_lines": 0, "num_branches": 0, "num_partial_branches": 0, "covered_branches": 0, "missing_branches": 0}, "missing_lines": [], "excluded_lines": [], "executed_branches": [], "missing_branches": []}, "BlueprintStatus": {"executed_lines": [], "summary": {"covered_lines": 0, "num_statements": 0, "percent_covered": 100.0, "percent_covered_display": "100.00", "missing_lines": 0, "excluded_lines": 0, "num_branches": 0, "num_partial_branches": 0, "covered_branches": 0, "missing_branches": 0}, "missing_lines": [], "excluded_lines": [], "executed_branches": [], "missing_branches": []}, "KernelStatus": {"executed_lines": [], "summary": {"covered_lines": 0, "num_statements": 0, "percent_covered": 100.0, "percent_covered_display": "100.00", "missing_lines": 0, "excluded_lines": 0, "num_branches": 0, "num_partial_branches": 0, "covered_branches": 0, "missing_branches": 0}, "missing_lines": [], "excluded_lines": [], "executed_branches": [], "missing_branches": []}, "": {"executed_lines": [1, 5, 8, 9, 11, 12, 13, 14, 15, 16, 19, 20, 22, 23, 24, 25, 26, 27, 28, 31, 32, 34, 35, 36, 37, 40, 41, 43, 44, 45, 46, 47, 48, 49, 50, 51, 52, 53, 56, 57, 59, 60, 61, 62, 65, 66, 68, 69, 70, 71], "summary": {"covered_lines": 43, "num_statements": 43, "percent_covered": 100.0, "percent_covered_display": "100.00", "missing_lines": 0, "excluded_lines": 0, "num_branches": 0, "num_partial_branches": 0, "covered_branches": 0, "missing_branches": 0}, "missing_lines": [], "excluded_lines": [], "executed_branches": [], "missing_branches": []}}}, "src/esper/contracts/messages.py": {"executed_lines": [1, 5, 6, 7, 8, 9, 10, 12, 13, 16, 17, 19, 20, 21, 22, 23, 24, 25, 28, 29, 31, 32, 33, 34, 35, 36, 39, 40, 42, 43], "summary": {"covered_lines": 26, "num_statements": 26, "percent_covered": 100.0, "percent_covered_display": "100.00", "missing_lines": 0, "excluded_lines": 0, "num_branches": 0, "num_partial_branches": 0, "covered_branches": 0, "missing_branches": 0}, "missing_lines": [], "excluded_lines": [], "executed_branches": [], "missing_branches": [], "functions": {"": {"executed_lines": [1, 5, 6, 7, 8, 9, 10, 12, 13, 16, 17, 19, 20, 21, 22, 23, 24, 25, 28, 29, 31, 32, 33, 34, 35, 36, 39, 40, 42, 43], "summary": {"covered_lines": 26, "num_statements": 26, "percent_covered": 100.0, "percent_covered_display": "100.00", "missing_lines": 0, "excluded_lines": 0, "num_branches": 0, "num_partial_branches": 0, "covered_branches": 0, "missing_branches": 0}, "missing_lines": [], "excluded_lines": [], "executed_branches": [], "missing_branches": []}}, "classes": {"TopicNames": {"executed_lines": [], "summary": {"covered_lines": 0, "num_statements": 0, "percent_covered": 100.0, "percent_covered_display": "100.00", "missing_lines": 0, "excluded_lines": 0, "num_branches": 0, "num_partial_branches": 0, "covered_branches": 0, "missing_branches": 0}, "missing_lines": [], "excluded_lines": [], "executed_branches": [], "missing_branches": []}, "OonaMessage": {"executed_lines": [], "summary": {"covered_lines": 0, "num_statements": 0, "percent_covered": 100.0, "percent_covered_display": "100.00", "missing_lines": 0, "excluded_lines": 0, "num_branches": 0, "num_partial_branches": 0, "covered_branches": 0, "missing_branches": 0}, "missing_lines": [], "excluded_lines": [], "executed_branches": [], "missing_branches": []}, "BlueprintSubmitted": {"executed_lines": [], "summary": {"covered_lines": 0, "num_statements": 0, "percent_covered": 100.0, "percent_covered_display": "100.00", "missing_lines": 0, "excluded_lines": 0, "num_branches": 0, "num_partial_branches": 0, "covered_branches": 0, "missing_branches": 0}, "missing_lines": [], "excluded_lines": [], "executed_branches": [], "missing_branches": []}, "": {"executed_lines": [1, 5, 6, 7, 8, 9, 10, 12, 13, 16, 17, 19, 20, 21, 22, 23, 24, 25, 28, 29, 31, 32, 33, 34, 35, 36, 39, 40, 42, 43], "summary": {"covered_lines": 26, "num_statements": 26, "percent_covered": 100.0, "percent_covered_display": "100.00", "missing_lines": 0, "excluded_lines": 0, "num_branches": 0, "num_partial_branches": 0, "covered_branches": 0, "missing_branches": 0}, "missing_lines": [], "excluded_lines": [], "executed_branches": [], "missing_branches": []}}}, "src/esper/contracts/operational.py": {"executed_lines": [1, 5, 6, 7, 8, 9, 11, 12, 13, 14, 17, 18, 20, 30, 31, 32, 33, 34, 35, 36, 37, 40, 41, 42, 43, 44, 45, 47, 48, 49, 51, 53, 55, 57, 58, 59, 60, 62, 64, 66, 69, 70, 71, 73, 74, 75, 76, 77, 78, 81, 82, 84, 94, 95, 96, 97, 98, 99, 100, 102, 103, 104, 106, 108, 110, 112, 113, 114, 115, 117, 119, 121, 124, 125, 127, 137, 138, 143, 144, 145, 146, 148, 150, 151, 152, 153, 154, 156, 158, 160], "summary": {"covered_lines": 85, "num_statements": 87, "percent_covered": 96.11650485436893, "percent_covered_display": "96.12", "missing_lines": 2, "excluded_lines": 0, "num_branches": 16, "num_partial_branches": 2, "covered_branches": 14, "missing_branches": 2}, "missing_lines": [52, 107], "excluded_lines": [], "executed_branches": [[51, 53], [57, 58], [57, 59], [59, 60], [59, 62], [106, 108], [112, 113], [112, 114], [114, 115], [114, 117], [151, 152], [151, 153], [153, 154], [153, 156]], "missing_branches": [[51, 52], [106, 107]], "functions": {"HealthSignal._validate_ids": {"executed_lines": [51, 53], "summary": {"covered_lines": 2, "num_statements": 3, "percent_covered": 60.0, "percent_covered_display": "60.00", "missing_lines": 1, "excluded_lines": 0, "num_branches": 2, "num_partial_branches": 1, "covered_branches": 1, "missing_branches": 1}, "missing_lines": [52], "excluded_lines": [], "executed_branches": [[51, 53]], "missing_branches": [[51, 52]]}, "HealthSignal.health_status": {"executed_lines": [57, 58, 59, 60, 62], "summary": {"covered_lines": 5, "num_statements": 5, "percent_covered": 100.0, "percent_covered_display": "100.00", "missing_lines": 0, "excluded_lines": 0, "num_branches": 4, "num_partial_branches": 0, "covered_branches": 4, "missing_branches": 0}, "missing_lines": [], "excluded_lines": [], "executed_branches": [[57, 58], [57, 59], [59, 60], [59, 62]], "missing_branches": []}, "HealthSignal.is_healthy": {"executed_lines": [66], "summary": {"covered_lines": 1, "num_statements": 1, "percent_covered": 100.0, "percent_covered_display": "100.00", "missing_lines": 0, "excluded_lines": 0, "num_branches": 0, "num_partial_branches": 0, "covered_branches": 0, "missing_branches": 0}, "missing_lines": [], "excluded_lines": [], "executed_branches": [], "missing_branches": []}, "SystemStatePacket._validate_epoch": {"executed_lines": [106, 108], "summary": {"covered_lines": 2, "num_statements": 3, "percent_covered": 60.0, "percent_covered_display": "60.00", "missing_lines": 1, "excluded_lines": 0, "num_branches": 2, "num_partial_branches": 1, "covered_branches": 1, "missing_branches": 1}, "missing_lines": [107], "excluded_lines": [], "executed_branches": [[106, 108]], "missing_branches": [[106, 107]]}, "SystemStatePacket.system_health": {"executed_lines": [112, 113, 114, 115, 117], "summary": {"covered_lines": 5, "num_statements": 5, "percent_covered": 100.0, "percent_covered_display": "100.00", "missing_lines": 0, "excluded_lines": 0, "num_branches": 4, "num_partial_branches": 0, "covered_branches": 4, "missing_branches": 0}, "missing_lines": [], "excluded_lines": [], "executed_branches": [[112, 113], [112, 114], [114, 115], [114, 117]], "missing_branches": []}, "SystemStatePacket.is_overloaded": {"executed_lines": [121], "summary": {"covered_lines": 1, "num_statements": 1, "percent_covered": 100.0, "percent_covered_display": "100.00", "missing_lines": 0, "excluded_lines": 0, "num_branches": 0, "num_partial_branches": 0, "covered_branches": 0, "missing_branches": 0}, "missing_lines": [], "excluded_lines": [], "executed_branches": [], "missing_branches": []}, "AdaptationDecision.decision_priority": {"executed_lines": [150, 151, 152, 153, 154, 156], "summary": {"covered_lines": 6, "num_statements": 6, "percent_covered": 100.0, "percent_covered_display": "100.00", "missing_lines": 0, "excluded_lines": 0, "num_branches": 4, "num_partial_branches": 0, "covered_branches": 4, "missing_branches": 0}, "missing_lines": [], "excluded_lines": [], "executed_branches": [[151, 152], [151, 153], [153, 154], [153, 156]], "missing_branches": []}, "AdaptationDecision.should_execute_immediately": {"executed_lines": [160], "summary": {"covered_lines": 1, "num_statements": 1, "percent_covered": 100.0, "percent_covered_display": "100.00", "missing_lines": 0, "excluded_lines": 0, "num_branches": 0, "num_partial_branches": 0, "covered_branches": 0, "missing_branches": 0}, "missing_lines": [], "excluded_lines": [], "executed_branches": [], "missing_branches": []}, "": {"executed_lines": [1, 5, 6, 7, 8, 9, 11, 12, 13, 14, 17, 18, 20, 30, 31, 32, 33, 34, 35, 36, 37, 40, 41, 42, 43, 44, 45, 47, 48, 49, 55, 64, 69, 70, 71, 73, 74, 75, 76, 77, 78, 81, 82, 84, 94, 95, 96, 97, 98, 99, 100, 102, 103, 104, 110, 119, 124, 125, 127, 137, 138, 143, 144, 145, 146, 148, 158], "summary": {"covered_lines": 62, "num_statements": 62, "percent_covered": 100.0, "percent_covered_display": "100.00", "missing_lines": 0, "excluded_lines": 0, "num_branches": 0, "num_partial_branches": 0, "covered_branches": 0, "missing_branches": 0}, "missing_lines": [], "excluded_lines": [], "executed_branches": [], "missing_branches": []}}, "classes": {"HealthSignal": {"executed_lines": [51, 53, 57, 58, 59, 60, 62, 66], "summary": {"covered_lines": 8, "num_statements": 9, "percent_covered": 86.66666666666667, "percent_covered_display": "86.67", "missing_lines": 1, "excluded_lines": 0, "num_branches": 6, "num_partial_branches": 1, "covered_branches": 5, "missing_branches": 1}, "missing_lines": [52], "excluded_lines": [], "executed_branches": [[51, 53], [57, 58], [57, 59], [59, 60], [59, 62]], "missing_branches": [[51, 52]]}, "ModelGraphState": {"executed_lines": [], "summary": {"covered_lines": 0, "num_statements": 0, "percent_covered": 100.0, "percent_covered_display": "100.00", "missing_lines": 0, "excluded_lines": 0, "num_branches": 0, "num_partial_branches": 0, "covered_branches": 0, "missing_branches": 0}, "missing_lines": [], "excluded_lines": [], "executed_branches": [], "missing_branches": []}, "SystemStatePacket": {"executed_lines": [106, 108, 112, 113, 114, 115, 117, 121], "summary": {"covered_lines": 8, "num_statements": 9, "percent_covered": 86.66666666666667, "percent_covered_display": "86.67", "missing_lines": 1, "excluded_lines": 0, "num_branches": 6, "num_partial_branches": 1, "covered_branches": 5, "missing_branches": 1}, "missing_lines": [107], "excluded_lines": [], "executed_branches": [[106, 108], [112, 113], [112, 114], [114, 115], [114, 117]], "missing_branches": [[106, 107]]}, "AdaptationDecision": {"executed_lines": [150, 151, 152, 153, 154, 156, 160], "summary": {"covered_lines": 7, "num_statements": 7, "percent_covered": 100.0, "percent_covered_display": "100.00", "missing_lines": 0, "excluded_lines": 0, "num_branches": 4, "num_partial_branches": 0, "covered_branches": 4, "missing_branches": 0}, "missing_lines": [], "excluded_lines": [], "executed_branches": [[151, 152], [151, 153], [153, 154], [153, 156]], "missing_branches": []}, "": {"executed_lines": [1, 5, 6, 7, 8, 9, 11, 12, 13, 14, 17, 18, 20, 30, 31, 32, 33, 34, 35, 36, 37, 40, 41, 42, 43, 44, 45, 47, 48, 49, 55, 64, 69, 70, 71, 73, 74, 75, 76, 77, 78, 81, 82, 84, 94, 95, 96, 97, 98, 99, 100, 102, 103, 104, 110, 119, 124, 125, 127, 137, 138, 143, 144, 145, 146, 148, 158], "summary": {"covered_lines": 62, "num_statements": 62, "percent_covered": 100.0, "percent_covered_display": "100.00", "missing_lines": 0, "excluded_lines": 0, "num_branches": 0, "num_partial_branches": 0, "covered_branches": 0, "missing_branches": 0}, "missing_lines": [], "excluded_lines": [], "executed_branches": [], "missing_branches": []}}}, "src/esper/contracts/validators.py": {"executed_lines": [1, 8, 11, 36, 37, 39, 42, 43, 46, 47, 49], "summary": {"covered_lines": 10, "num_statements": 10, "percent_covered": 100.0, "percent_covered_display": "100.00", "missing_lines": 0, "excluded_lines": 0, "num_branches": 6, "num_partial_branches": 0, "covered_branches": 6, "missing_branches": 0}, "missing_lines": [], "excluded_lines": [], "executed_branches": [[36, 37], [36, 39], [42, 43], [42, 46], [46, 47], [46, 49]], "missing_branches": [], "functions": {"validate_seed_id": {"executed_lines": [36, 37, 39, 42, 43, 46, 47, 49], "summary": {"covered_lines": 8, "num_statements": 8, "percent_covered": 100.0, "percent_covered_display": "100.00", "missing_lines": 0, "excluded_lines": 0, "num_branches": 6, "num_partial_branches": 0, "covered_branches": 6, "missing_branches": 0}, "missing_lines": [], "excluded_lines": [], "executed_branches": [[36, 37], [36, 39], [42, 43], [42, 46], [46, 47], [46, 49]], "missing_branches": []}, "": {"executed_lines": [1, 8, 11], "summary": {"covered_lines": 2, "num_statements": 2, "percent_covered": 100.0, "percent_covered_display": "100.00", "missing_lines": 0, "excluded_lines": 0, "num_branches": 0, "num_partial_branches": 0, "covered_branches": 0, "missing_branches": 0}, "missing_lines": [], "excluded_lines": [], "executed_branches": [], "missing_branches": []}}, "classes": {"": {"executed_lines": [1, 8, 11, 36, 37, 39, 42, 43, 46, 47, 49], "summary": {"covered_lines": 10, "num_statements": 10, "percent_covered": 100.0, "percent_covered_display": "100.00", "missing_lines": 0, "excluded_lines": 0, "num_branches": 6, "num_partial_branches": 0, "covered_branches": 6, "missing_branches": 0}, "missing_lines": [], "excluded_lines": [], "executed_branches": [[36, 37], [36, 39], [42, 43], [42, 46], [46, 47], [46, 49]], "missing_branches": []}}}, "src/esper/core/__init__.py": {"executed_lines": [1], "summary": {"covered_lines": 0, "num_statements": 0, "percent_covered": 100.0, "percent_covered_display": "100.00", "missing_lines": 0, "excluded_lines": 0, "num_branches": 0, "num_partial_branches": 0, "covered_branches": 0, "missing_branches": 0}, "missing_lines": [], "excluded_lines": [], "executed_branches": [], "missing_branches": [], "functions": {"": {"executed_lines": [1], "summary": {"covered_lines": 0, "num_statements": 0, "percent_covered": 100.0, "percent_covered_display": "100.00", "missing_lines": 0, "excluded_lines": 0, "num_branches": 0, "num_partial_branches": 0, "covered_branches": 0, "missing_branches": 0}, "missing_lines": [], "excluded_lines": [], "executed_branches": [], "missing_branches": []}}, "classes": {"": {"executed_lines": [1], "summary": {"covered_lines": 0, "num_statements": 0, "percent_covered": 100.0, "percent_covered_display": "100.00", "missing_lines": 0, "excluded_lines": 0, "num_branches": 0, "num_partial_branches": 0, "covered_branches": 0, "missing_branches": 0}, "missing_lines": [], "excluded_lines": [], "executed_branches": [], "missing_branches": []}}}, "src/esper/core/model_wrapper.py": {"executed_lines": [1, 8, 9, 10, 11, 12, 13, 14, 16, 17, 19, 20, 21, 22, 23, 24, 26, 29, 30, 37, 51, 53, 54, 55, 58, 59, 61, 63, 73, 74, 76, 90, 91, 93, 94, 96, 97, 98, 100, 104, 106, 117, 118, 120, 121, 123, 124, 127, 129, 131, 138, 139, 140, 141, 143, 150, 152, 162, 163, 164, 165, 167, 172, 179, 182, 183, 187, 191, 201, 210, 211, 213, 215, 222, 223, 225, 227, 237, 238, 241, 242, 245, 246, 247, 249, 257, 283, 284, 293, 294, 297, 298, 301, 304, 305, 306, 309, 310, 312, 321, 322, 324, 327, 328, 332, 335, 338, 340, 342, 345, 365, 366, 373, 374, 381, 382, 389, 390, 397, 405, 406, 415, 420, 441, 451, 452, 453, 454, 456, 461, 464, 485, 501, 503, 509, 512, 533, 550, 552, 557, 560, 581, 593, 595, 600, 603, 647, 668, 681, 683, 688, 691, 701, 702, 705], "summary": {"covered_lines": 152, "num_statements": 157, "percent_covered": 95.97989949748744, "percent_covered_display": "95.98", "missing_lines": 5, "excluded_lines": 1, "num_branches": 42, "num_partial_branches": 3, "covered_branches": 39, "missing_branches": 3}, "missing_lines": [398, 624, 637, 639, 644], "excluded_lines": [415], "executed_branches": [[90, 91], [90, 93], [96, 97], [96, 100], [117, 118], [117, 120], [123, 124], [138, 139], [138, 141], [139, 138], [139, 140], [162, 163], [162, 167], [163, 164], [163, 165], [210, 211], [210, 213], [222, 223], [222, 225], [237, 238], [237, 241], [283, 284], [283, 293], [305, -304], [305, 306], [309, 310], [309, 335], [365, 366], [365, 373], [373, 374], [373, 381], [381, 382], [381, 389], [389, 390], [389, 397], [397, 405], [453, 454], [701, 702], [701, 705]], "missing_branches": [[123, 129], [397, 398], [453, 456]], "functions": {"MorphableModel.__init__": {"executed_lines": [51, 53, 54, 55, 58, 59, 61], "summary": {"covered_lines": 7, "num_statements": 7, "percent_covered": 100.0, "percent_covered_display": "100.00", "missing_lines": 0, "excluded_lines": 0, "num_branches": 0, "num_partial_branches": 0, "covered_branches": 0, "missing_branches": 0}, "missing_lines": [], "excluded_lines": [], "executed_branches": [], "missing_branches": []}, "MorphableModel.forward": {"executed_lines": [73, 74], "summary": {"covered_lines": 2, "num_statements": 2, "percent_covered": 100.0, "percent_covered_display": "100.00", "missing_lines": 0, "excluded_lines": 0, "num_branches": 0, "num_partial_branches": 0, "covered_branches": 0, "missing_branches": 0}, "missing_lines": [], "excluded_lines": [], "executed_branches": [], "missing_branches": []}, "MorphableModel.load_kernel": {"executed_lines": [90, 91, 93, 94, 96, 97, 98, 100, 104], "summary": {"covered_lines": 9, "num_statements": 9, "percent_covered": 100.0, "percent_covered_display": "100.00", "missing_lines": 0, "excluded_lines": 0, "num_branches": 4, "num_partial_branches": 0, "covered_branches": 4, "missing_branches": 0}, "missing_lines": [], "excluded_lines": [], "executed_branches": [[90, 91], [90, 93], [96, 97], [96, 100]], "missing_branches": []}, "MorphableModel.unload_kernel": {"executed_lines": [117, 118, 120, 121, 123, 124, 127, 129], "summary": {"covered_lines": 8, "num_statements": 8, "percent_covered": 91.66666666666667, "percent_covered_display": "91.67", "missing_lines": 0, "excluded_lines": 0, "num_branches": 4, "num_partial_branches": 1, "covered_branches": 3, "missing_branches": 1}, "missing_lines": [], "excluded_lines": [], "executed_branches": [[117, 118], [117, 120], [123, 124]], "missing_branches": [[123, 129]]}, "MorphableModel._check_morphogenetic_active": {"executed_lines": [138, 139, 140, 141], "summary": {"covered_lines": 4, "num_statements": 4, "percent_covered": 100.0, "percent_covered_display": "100.00", "missing_lines": 0, "excluded_lines": 0, "num_branches": 4, "num_partial_branches": 0, "covered_branches": 4, "missing_branches": 0}, "missing_lines": [], "excluded_lines": [], "executed_branches": [[138, 139], [138, 141], [139, 138], [139, 140]], "missing_branches": []}, "MorphableModel.get_layer_names": {"executed_lines": [150], "summary": {"covered_lines": 1, "num_statements": 1, "percent_covered": 100.0, "percent_covered_display": "100.00", "missing_lines": 0, "excluded_lines": 0, "num_branches": 0, "num_partial_branches": 0, "covered_branches": 0, "missing_branches": 0}, "missing_lines": [], "excluded_lines": [], "executed_branches": [], "missing_branches": []}, "MorphableModel.get_layer_stats": {"executed_lines": [162, 163, 164, 165, 167], "summary": {"covered_lines": 5, "num_statements": 5, "percent_covered": 100.0, "percent_covered_display": "100.00", "missing_lines": 0, "excluded_lines": 0, "num_branches": 4, "num_partial_branches": 0, "covered_branches": 4, "missing_branches": 0}, "missing_lines": [], "excluded_lines": [], "executed_branches": [[162, 163], [162, 167], [163, 164], [163, 165]], "missing_branches": []}, "MorphableModel.get_model_stats": {"executed_lines": [179, 182, 183, 187, 191], "summary": {"covered_lines": 5, "num_statements": 5, "percent_covered": 100.0, "percent_covered_display": "100.00", "missing_lines": 0, "excluded_lines": 0, "num_branches": 0, "num_partial_branches": 0, "covered_branches": 0, "missing_branches": 0}, "missing_lines": [], "excluded_lines": [], "executed_branches": [], "missing_branches": []}, "MorphableModel.set_seed_alpha": {"executed_lines": [210, 211, 213], "summary": {"covered_lines": 3, "num_statements": 3, "percent_covered": 100.0, "percent_covered_display": "100.00", "missing_lines": 0, "excluded_lines": 0, "num_branches": 2, "num_partial_branches": 0, "covered_branches": 2, "missing_branches": 0}, "missing_lines": [], "excluded_lines": [], "executed_branches": [[210, 211], [210, 213]], "missing_branches": []}, "MorphableModel.enable_telemetry": {"executed_lines": [222, 223, 225], "summary": {"covered_lines": 3, "num_statements": 3, "percent_covered": 100.0, "percent_covered_display": "100.00", "missing_lines": 0, "excluded_lines": 0, "num_branches": 2, "num_partial_branches": 0, "covered_branches": 2, "missing_branches": 0}, "missing_lines": [], "excluded_lines": [], "executed_branches": [[222, 223], [222, 225]], "missing_branches": []}, "MorphableModel.compare_with_original": {"executed_lines": [237, 238, 241, 242, 245, 246, 247, 249], "summary": {"covered_lines": 8, "num_statements": 8, "percent_covered": 100.0, "percent_covered_display": "100.00", "missing_lines": 0, "excluded_lines": 0, "num_branches": 2, "num_partial_branches": 0, "covered_branches": 2, "missing_branches": 0}, "missing_lines": [], "excluded_lines": [], "executed_branches": [[237, 238], [237, 241]], "missing_branches": []}, "wrap": {"executed_lines": [283, 284, 293, 294, 297, 298, 301, 304, 338, 340, 342], "summary": {"covered_lines": 11, "num_statements": 11, "percent_covered": 100.0, "percent_covered_display": "100.00", "missing_lines": 0, "excluded_lines": 0, "num_branches": 2, "num_partial_branches": 0, "covered_branches": 2, "missing_branches": 0}, "missing_lines": [], "excluded_lines": [], "executed_branches": [[283, 284], [283, 293]], "missing_branches": []}, "wrap.replace_layers": {"executed_lines": [305, 306, 309, 310, 312, 321, 322, 324, 327, 328, 332, 335], "summary": {"covered_lines": 12, "num_statements": 12, "percent_covered": 100.0, "percent_covered_display": "100.00", "missing_lines": 0, "excluded_lines": 0, "num_branches": 4, "num_partial_branches": 0, "covered_branches": 4, "missing_branches": 0}, "missing_lines": [], "excluded_lines": [], "executed_branches": [[305, -304], [305, 306], [309, 310], [309, 335]], "missing_branches": []}, "_create_kasmina_layer": {"executed_lines": [365, 366, 373, 374, 381, 382, 389, 390, 397, 405, 406, 415], "summary": {"covered_lines": 11, "num_statements": 12, "percent_covered": 90.9090909090909, "percent_covered_display": "90.91", "missing_lines": 1, "excluded_lines": 1, "num_branches": 10, "num_partial_branches": 1, "covered_branches": 9, "missing_branches": 1}, "missing_lines": [398], "excluded_lines": [415], "executed_branches": [[365, 366], [365, 373], [373, 374], [373, 381], [381, 382], [381, 389], [389, 390], [389, 397], [397, 405]], "missing_branches": [[397, 398]]}, "_create_kasmina_layer_linear": {"executed_lines": [441, 451, 452, 453, 454, 456, 461], "summary": {"covered_lines": 7, "num_statements": 7, "percent_covered": 88.88888888888889, "percent_covered_display": "88.89", "missing_lines": 0, "excluded_lines": 0, "num_branches": 2, "num_partial_branches": 1, "covered_branches": 1, "missing_branches": 1}, "missing_lines": [], "excluded_lines": [], "executed_branches": [[453, 454]], "missing_branches": [[453, 456]]}, "_create_kasmina_layer_conv2d": {"executed_lines": [485, 501, 503, 509], "summary": {"covered_lines": 4, "num_statements": 4, "percent_covered": 100.0, "percent_covered_display": "100.00", "missing_lines": 0, "excluded_lines": 0, "num_branches": 0, "num_partial_branches": 0, "covered_branches": 0, "missing_branches": 0}, "missing_lines": [], "excluded_lines": [], "executed_branches": [], "missing_branches": []}, "_create_kasmina_layer_attention": {"executed_lines": [533, 550, 552, 557], "summary": {"covered_lines": 4, "num_statements": 4, "percent_covered": 100.0, "percent_covered_display": "100.00", "missing_lines": 0, "excluded_lines": 0, "num_branches": 0, "num_partial_branches": 0, "covered_branches": 0, "missing_branches": 0}, "missing_lines": [], "excluded_lines": [], "executed_branches": [], "missing_branches": []}, "_create_kasmina_layer_layernorm": {"executed_lines": [581, 593, 595, 600], "summary": {"covered_lines": 4, "num_statements": 4, "percent_covered": 100.0, "percent_covered_display": "100.00", "missing_lines": 0, "excluded_lines": 0, "num_branches": 0, "num_partial_branches": 0, "covered_branches": 0, "missing_branches": 0}, "missing_lines": [], "excluded_lines": [], "executed_branches": [], "missing_branches": []}, "_create_kasmina_layer_batchnorm1d": {"executed_lines": [], "summary": {"covered_lines": 0, "num_statements": 4, "percent_covered": 0.0, "percent_covered_display": "0.00", "missing_lines": 4, "excluded_lines": 0, "num_branches": 0, "num_partial_branches": 0, "covered_branches": 0, "missing_branches": 0}, "missing_lines": [624, 637, 639, 644], "excluded_lines": [], "executed_branches": [], "missing_branches": []}, "_create_kasmina_layer_batchnorm2d": {"executed_lines": [668, 681, 683, 688], "summary": {"covered_lines": 4, "num_statements": 4, "percent_covered": 100.0, "percent_covered_display": "100.00", "missing_lines": 0, "excluded_lines": 0, "num_branches": 0, "num_partial_branches": 0, "covered_branches": 0, "missing_branches": 0}, "missing_lines": [], "excluded_lines": [], "executed_branches": [], "missing_branches": []}, "unwrap": {"executed_lines": [701, 702, 705], "summary": {"covered_lines": 3, "num_statements": 3, "percent_covered": 100.0, "percent_covered_display": "100.00", "missing_lines": 0, "excluded_lines": 0, "num_branches": 2, "num_partial_branches": 0, "covered_branches": 2, "missing_branches": 0}, "missing_lines": [], "excluded_lines": [], "executed_branches": [[701, 702], [701, 705]], "missing_branches": []}, "": {"executed_lines": [1, 8, 9, 10, 11, 12, 13, 14, 16, 17, 19, 20, 21, 22, 23, 24, 26, 29, 30, 37, 63, 76, 106, 131, 143, 152, 172, 201, 215, 227, 257, 345, 420, 464, 512, 560, 603, 647, 691], "summary": {"covered_lines": 37, "num_statements": 37, "percent_covered": 100.0, "percent_covered_display": "100.00", "missing_lines": 0, "excluded_lines": 0, "num_branches": 0, "num_partial_branches": 0, "covered_branches": 0, "missing_branches": 0}, "missing_lines": [], "excluded_lines": [], "executed_branches": [], "missing_branches": []}}, "classes": {"MorphableModel": {"executed_lines": [51, 53, 54, 55, 58, 59, 61, 73, 74, 90, 91, 93, 94, 96, 97, 98, 100, 104, 117, 118, 120, 121, 123, 124, 127, 129, 138, 139, 140, 141, 150, 162, 163, 164, 165, 167, 179, 182, 183, 187, 191, 210, 211, 213, 222, 223, 225, 237, 238, 241, 242, 245, 246, 247, 249], "summary": {"covered_lines": 55, "num_statements": 55, "percent_covered": 98.7012987012987, "percent_covered_display": "98.70", "missing_lines": 0, "excluded_lines": 0, "num_branches": 22, "num_partial_branches": 1, "covered_branches": 21, "missing_branches": 1}, "missing_lines": [], "excluded_lines": [], "executed_branches": [[90, 91], [90, 93], [96, 97], [96, 100], [117, 118], [117, 120], [123, 124], [138, 139], [138, 141], [139, 138], [139, 140], [162, 163], [162, 167], [163, 164], [163, 165], [210, 211], [210, 213], [222, 223], [222, 225], [237, 238], [237, 241]], "missing_branches": [[123, 129]]}, "": {"executed_lines": [1, 8, 9, 10, 11, 12, 13, 14, 16, 17, 19, 20, 21, 22, 23, 24, 26, 29, 30, 37, 63, 76, 106, 131, 143, 152, 172, 201, 215, 227, 257, 283, 284, 293, 294, 297, 298, 301, 304, 305, 306, 309, 310, 312, 321, 322, 324, 327, 328, 332, 335, 338, 340, 342, 345, 365, 366, 373, 374, 381, 382, 389, 390, 397, 405, 406, 415, 420, 441, 451, 452, 453, 454, 456, 461, 464, 485, 501, 503, 509, 512, 533, 550, 552, 557, 560, 581, 593, 595, 600, 603, 647, 668, 681, 683, 688, 691, 701, 702, 705], "summary": {"covered_lines": 97, "num_statements": 102, "percent_covered": 94.26229508196721, "percent_covered_display": "94.26", "missing_lines": 5, "excluded_lines": 1, "num_branches": 20, "num_partial_branches": 2, "covered_branches": 18, "missing_branches": 2}, "missing_lines": [398, 624, 637, 639, 644], "excluded_lines": [415], "executed_branches": [[283, 284], [283, 293], [305, -304], [305, 306], [309, 310], [309, 335], [365, 366], [365, 373], [373, 374], [373, 381], [381, 382], [381, 389], [389, 390], [389, 397], [397, 405], [453, 454], [701, 702], [701, 705]], "missing_branches": [[397, 398], [453, 456]]}}}, "src/esper/execution/__init__.py": {"executed_lines": [1, 10, 11, 12, 13, 15], "summary": {"covered_lines": 5, "num_statements": 5, "percent_covered": 100.0, "percent_covered_display": "100.00", "missing_lines": 0, "excluded_lines": 0, "num_branches": 0, "num_partial_branches": 0, "covered_branches": 0, "missing_branches": 0}, "missing_lines": [], "excluded_lines": [], "executed_branches": [], "missing_branches": [], "functions": {"": {"executed_lines": [1, 10, 11, 12, 13, 15], "summary": {"covered_lines": 5, "num_statements": 5, "percent_covered": 100.0, "percent_covered_display": "100.00", "missing_lines": 0, "excluded_lines": 0, "num_branches": 0, "num_partial_branches": 0, "covered_branches": 0, "missing_branches": 0}, "missing_lines": [], "excluded_lines": [], "executed_branches": [], "missing_branches": []}}, "classes": {"": {"executed_lines": [1, 10, 11, 12, 13, 15], "summary": {"covered_lines": 5, "num_statements": 5, "percent_covered": 100.0, "percent_covered_display": "100.00", "missing_lines": 0, "excluded_lines": 0, "num_branches": 0, "num_partial_branches": 0, "covered_branches": 0, "missing_branches": 0}, "missing_lines": [], "excluded_lines": [], "executed_branches": [], "missing_branches": []}}}, "src/esper/execution/kasmina_attention_layer.py": {"executed_lines": [1, 8, 9, 10, 12, 13, 14, 16, 18, 21, 22, 29, 64, 65, 74, 75, 76, 77, 78, 80, 83, 84, 87, 88, 89, 92, 95, 98, 99, 101, 105, 107, 109, 114, 116, 117, 118, 119, 121, 122, 123, 124, 125, 127, 129, 132, 139, 141, 143, 144, 145, 146, 157, 158, 159, 160, 161, 164, 165, 166, 167, 170, 173, 177, 179, 207, 209, 213, 214, 216, 217, 220, 221, 222, 225, 227, 231, 241, 242, 243, 246, 249, 254, 255, 258, 259, 262, 263, 264, 268, 270, 293, 294, 295, 298, 301, 309, 316, 321, 322, 325, 327], "summary": {"covered_lines": 100, "num_statements": 139, "percent_covered": 60.69651741293532, "percent_covered_display": "60.70", "missing_lines": 39, "excluded_lines": 0, "num_branches": 62, "num_partial_branches": 22, "covered_branches": 22, "missing_branches": 40}, "missing_lines": [81, 102, 103, 128, 130, 149, 150, 151, 152, 153, 154, 171, 172, 174, 175, 208, 210, 226, 228, 232, 233, 234, 235, 236, 237, 238, 265, 266, 302, 303, 304, 305, 306, 310, 311, 312, 313, 317, 318], "excluded_lines": [], "executed_branches": [[80, 83], [101, 105], [121, 122], [127, 129], [129, -114], [141, 143], [157, 158], [164, 165], [166, 167], [170, 173], [173, 177], [207, 209], [209, 213], [213, 214], [225, 227], [227, 231], [231, 241], [258, 259], [262, 263], [301, 309], [309, 316], [316, 321]], "missing_branches": [[80, 81], [101, 102], [121, 127], [127, 128], [129, 130], [141, 149], [149, 150], [149, 151], [151, 152], [151, 153], [153, 154], [153, 157], [157, 164], [164, 170], [166, 170], [170, 171], [171, 172], [171, 173], [173, 174], [174, 175], [174, 177], [207, 208], [209, 210], [213, 216], [225, 226], [227, 228], [231, 232], [235, 236], [235, 237], [237, 238], [237, 241], [258, 262], [262, 265], [265, 266], [265, 268], [301, 302], [302, 303], [302, 304], [309, 310], [316, 317]], "functions": {"KasminaAttentionLayer.__init__": {"executed_lines": [64, 65, 74, 75, 76, 77, 78, 80, 83, 84, 87, 88, 89, 92, 95, 98, 99, 101, 105, 107, 109], "summary": {"covered_lines": 21, "num_statements": 24, "percent_covered": 82.14285714285714, "percent_covered_display": "82.14", "missing_lines": 3, "excluded_lines": 0, "num_branches": 4, "num_partial_branches": 2, "covered_branches": 2, "missing_branches": 2}, "missing_lines": [81, 102, 103], "excluded_lines": [], "executed_branches": [[80, 83], [101, 105]], "missing_branches": [[80, 81], [101, 102]]}, "KasminaAttentionLayer._reset_parameters": {"executed_lines": [116, 117, 118, 119, 121, 122, 123, 124, 125, 127, 129], "summary": {"covered_lines": 11, "num_statements": 13, "percent_covered": 73.6842105263158, "percent_covered_display": "73.68", "missing_lines": 2, "excluded_lines": 0, "num_branches": 6, "num_partial_branches": 3, "covered_branches": 3, "missing_branches": 3}, "missing_lines": [128, 130], "excluded_lines": [], "executed_branches": [[121, 122], [127, 129], [129, -114]], "missing_branches": [[121, 127], [127, 128], [129, 130]]}, "KasminaAttentionLayer.copy_weights_from_attention": {"executed_lines": [139, 141, 143, 144, 145, 146, 157, 158, 159, 160, 161, 164, 165, 166, 167, 170, 173, 177], "summary": {"covered_lines": 18, "num_statements": 28, "percent_covered": 48.0, "percent_covered_display": "48.00", "missing_lines": 10, "excluded_lines": 0, "num_branches": 22, "num_partial_branches": 6, "covered_branches": 6, "missing_branches": 16}, "missing_lines": [149, 150, 151, 152, 153, 154, 171, 172, 174, 175], "excluded_lines": [], "executed_branches": [[141, 143], [157, 158], [164, 165], [166, 167], [170, 173], [173, 177]], "missing_branches": [[141, 149], [149, 150], [149, 151], [151, 152], [151, 153], [153, 154], [153, 157], [157, 164], [164, 170], [166, 170], [170, 171], [171, 172], [171, 173], [173, 174], [174, 175], [174, 177]]}, "KasminaAttentionLayer.forward": {"executed_lines": [207, 209, 213, 214, 216, 217, 220, 221, 222, 225, 227, 231, 241, 242, 243, 246, 249, 254, 255, 258, 259, 262, 263, 264, 268], "summary": {"covered_lines": 25, "num_statements": 38, "percent_covered": 55.0, "percent_covered_display": "55.00", "missing_lines": 13, "excluded_lines": 0, "num_branches": 22, "num_partial_branches": 8, "covered_branches": 8, "missing_branches": 14}, "missing_lines": [208, 210, 226, 228, 232, 233, 234, 235, 236, 237, 238, 265, 266], "excluded_lines": [], "executed_branches": [[207, 209], [209, 213], [213, 214], [225, 227], [227, 231], [231, 241], [258, 259], [262, 263]], "missing_branches": [[207, 208], [209, 210], [213, 216], [225, 226], [227, 228], [231, 232], [235, 236], [235, 237], [237, 238], [237, 241], [258, 262], [262, 265], [265, 266], [265, 268]]}, "KasminaAttentionLayer._scaled_dot_product_attention": {"executed_lines": [293, 294, 295, 298, 301, 309, 316, 321, 322, 325, 327], "summary": {"covered_lines": 11, "num_statements": 22, "percent_covered": 46.666666666666664, "percent_covered_display": "46.67", "missing_lines": 11, "excluded_lines": 0, "num_branches": 8, "num_partial_branches": 3, "covered_branches": 3, "missing_branches": 5}, "missing_lines": [302, 303, 304, 305, 306, 310, 311, 312, 313, 317, 318], "excluded_lines": [], "executed_branches": [[301, 309], [309, 316], [316, 321]], "missing_branches": [[301, 302], [302, 303], [302, 304], [309, 310], [316, 317]]}, "": {"executed_lines": [1, 8, 9, 10, 12, 13, 14, 16, 18, 21, 22, 29, 114, 132, 179, 270], "summary": {"covered_lines": 14, "num_statements": 14, "percent_covered": 100.0, "percent_covered_display": "100.00", "missing_lines": 0, "excluded_lines": 0, "num_branches": 0, "num_partial_branches": 0, "covered_branches": 0, "missing_branches": 0}, "missing_lines": [], "excluded_lines": [], "executed_branches": [], "missing_branches": []}}, "classes": {"KasminaAttentionLayer": {"executed_lines": [64, 65, 74, 75, 76, 77, 78, 80, 83, 84, 87, 88, 89, 92, 95, 98, 99, 101, 105, 107, 109, 116, 117, 118, 119, 121, 122, 123, 124, 125, 127, 129, 139, 141, 143, 144, 145, 146, 157, 158, 159, 160, 161, 164, 165, 166, 167, 170, 173, 177, 207, 209, 213, 214, 216, 217, 220, 221, 222, 225, 227, 231, 241, 242, 243, 246, 249, 254, 255, 258, 259, 262, 263, 264, 268, 293, 294, 295, 298, 301, 309, 316, 321, 322, 325, 327], "summary": {"covered_lines": 86, "num_statements": 125, "percent_covered": 57.75401069518717, "percent_covered_display": "57.75", "missing_lines": 39, "excluded_lines": 0, "num_branches": 62, "num_partial_branches": 22, "covered_branches": 22, "missing_branches": 40}, "missing_lines": [81, 102, 103, 128, 130, 149, 150, 151, 152, 153, 154, 171, 172, 174, 175, 208, 210, 226, 228, 232, 233, 234, 235, 236, 237, 238, 265, 266, 302, 303, 304, 305, 306, 310, 311, 312, 313, 317, 318], "excluded_lines": [], "executed_branches": [[80, 83], [101, 105], [121, 122], [127, 129], [129, -114], [141, 143], [157, 158], [164, 165], [166, 167], [170, 173], [173, 177], [207, 209], [209, 213], [213, 214], [225, 227], [227, 231], [231, 241], [258, 259], [262, 263], [301, 309], [309, 316], [316, 321]], "missing_branches": [[80, 81], [101, 102], [121, 127], [127, 128], [129, 130], [141, 149], [149, 150], [149, 151], [151, 152], [151, 153], [153, 154], [153, 157], [157, 164], [164, 170], [166, 170], [170, 171], [171, 172], [171, 173], [173, 174], [174, 175], [174, 177], [207, 208], [209, 210], [213, 216], [225, 226], [227, 228], [231, 232], [235, 236], [235, 237], [237, 238], [237, 241], [258, 262], [262, 265], [265, 266], [265, 268], [301, 302], [302, 303], [302, 304], [309, 310], [316, 317]]}, "": {"executed_lines": [1, 8, 9, 10, 12, 13, 14, 16, 18, 21, 22, 29, 114, 132, 179, 270], "summary": {"covered_lines": 14, "num_statements": 14, "percent_covered": 100.0, "percent_covered_display": "100.00", "missing_lines": 0, "excluded_lines": 0, "num_branches": 0, "num_partial_branches": 0, "covered_branches": 0, "missing_branches": 0}, "missing_lines": [], "excluded_lines": [], "executed_branches": [], "missing_branches": []}}}, "src/esper/execution/kasmina_batchnorm_layer.py": {"executed_lines": [1, 8, 10, 11, 12, 14, 16, 19, 20, 24, 83, 102, 119, 123, 137, 158, 159, 163, 189, 198, 199, 200, 201, 202, 204, 205, 206, 211, 212, 213, 214, 220, 222, 224, 225, 226, 227, 228, 229, 231, 232, 233, 234, 235, 236, 237, 239, 241, 243, 246, 252, 258, 262, 265, 267, 269, 271, 285, 305, 321, 339, 341, 343, 354], "summary": {"covered_lines": 61, "num_statements": 152, "percent_covered": 34.57943925233645, "percent_covered_display": "34.58", "missing_lines": 91, "excluded_lines": 0, "num_branches": 62, "num_partial_branches": 13, "covered_branches": 13, "missing_branches": 49}, "missing_lines": [50, 59, 60, 61, 62, 63, 65, 66, 67, 69, 70, 72, 73, 74, 75, 77, 78, 79, 81, 85, 86, 87, 88, 89, 90, 92, 93, 94, 95, 96, 97, 98, 100, 104, 105, 108, 114, 115, 117, 121, 125, 126, 128, 130, 131, 132, 133, 135, 139, 141, 142, 144, 150, 155, 208, 209, 216, 217, 218, 244, 247, 259, 263, 273, 274, 276, 278, 279, 280, 281, 283, 287, 289, 290, 292, 298, 303, 308, 309, 312, 313, 314, 315, 324, 325, 328, 329, 332, 335, 337, 356], "excluded_lines": [], "executed_branches": [[204, 205], [211, 212], [225, 226], [226, 227], [228, 229], [231, 232], [232, 233], [234, 235], [236, 237], [243, 246], [246, 252], [258, 262], [262, 265]], "missing_branches": [[65, 66], [65, 69], [72, 73], [72, 77], [86, 87], [86, 92], [87, 88], [87, 89], [89, 90], [89, 92], [92, 93], [92, 100], [93, 94], [93, 95], [95, 96], [95, 97], [97, 98], [97, 100], [104, 105], [104, 108], [114, 115], [114, 117], [130, 131], [130, 135], [131, 130], [131, 132], [139, 141], [139, 150], [204, 208], [211, 216], [225, 231], [226, 228], [228, 231], [231, 239], [232, 234], [234, 236], [236, 239], [243, 244], [246, 247], [258, 259], [262, 263], [278, 279], [278, 283], [279, 278], [279, 280], [287, 289], [287, 298], [313, -305], [313, 314]], "functions": {"KasminaBatchNorm1dLayer.__init__": {"executed_lines": [], "summary": {"covered_lines": 0, "num_statements": 19, "percent_covered": 0.0, "percent_covered_display": "0.00", "missing_lines": 19, "excluded_lines": 0, "num_branches": 4, "num_partial_branches": 0, "covered_branches": 0, "missing_branches": 4}, "missing_lines": [50, 59, 60, 61, 62, 63, 65, 66, 67, 69, 70, 72, 73, 74, 75, 77, 78, 79, 81], "excluded_lines": [], "executed_branches": [], "missing_branches": [[65, 66], [65, 69], [72, 73], [72, 77]]}, "KasminaBatchNorm1dLayer.copy_weights_from_batchnorm": {"executed_lines": [], "summary": {"covered_lines": 0, "num_statements": 14, "percent_covered": 0.0, "percent_covered_display": "0.00", "missing_lines": 14, "excluded_lines": 0, "num_branches": 14, "num_partial_branches": 0, "covered_branches": 0, "missing_branches": 14}, "missing_lines": [85, 86, 87, 88, 89, 90, 92, 93, 94, 95, 96, 97, 98, 100], "excluded_lines": [], "executed_branches": [], "missing_branches": [[86, 87], [86, 92], [87, 88], [87, 89], [89, 90], [89, 92], [92, 93], [92, 100], [93, 94], [93, 95], [95, 96], [95, 97], [97, 98], [97, 100]]}, "KasminaBatchNorm1dLayer.forward": {"executed_lines": [], "summary": {"covered_lines": 0, "num_statements": 6, "percent_covered": 0.0, "percent_covered_display": "0.00", "missing_lines": 6, "excluded_lines": 0, "num_branches": 4, "num_partial_branches": 0, "covered_branches": 0, "missing_branches": 4}, "missing_lines": [104, 105, 108, 114, 115, 117], "excluded_lines": [], "executed_branches": [], "missing_branches": [[104, 105], [104, 108], [114, 115], [114, 117]]}, "KasminaBatchNorm1dLayer._has_active_seeds": {"executed_lines": [], "summary": {"covered_lines": 0, "num_statements": 1, "percent_covered": 0.0, "percent_covered_display": "0.00", "missing_lines": 1, "excluded_lines": 0, "num_branches": 0, "num_partial_branches": 0, "covered_branches": 0, "missing_branches": 0}, "missing_lines": [121], "excluded_lines": [], "executed_branches": [], "missing_branches": []}, "KasminaBatchNorm1dLayer._apply_morphogenetic_adaptation": {"executed_lines": [], "summary": {"covered_lines": 0, "num_statements": 8, "percent_covered": 0.0, "percent_covered_display": "0.00", "missing_lines": 8, "excluded_lines": 0, "num_branches": 4, "num_partial_branches": 0, "covered_branches": 0, "missing_branches": 4}, "missing_lines": [125, 126, 128, 130, 131, 132, 133, 135], "excluded_lines": [], "executed_branches": [], "missing_branches": [[130, 131], [130, 135], [131, 130], [131, 132]]}, "KasminaBatchNorm1dLayer._compute_seed_adaptation": {"executed_lines": [], "summary": {"covered_lines": 0, "num_statements": 6, "percent_covered": 0.0, "percent_covered_display": "0.00", "missing_lines": 6, "excluded_lines": 0, "num_branches": 2, "num_partial_branches": 0, "covered_branches": 0, "missing_branches": 2}, "missing_lines": [139, 141, 142, 144, 150, 155], "excluded_lines": [], "executed_branches": [], "missing_branches": [[139, 141], [139, 150]]}, "KasminaBatchNorm2dLayer.__init__": {"executed_lines": [189, 198, 199, 200, 201, 202, 204, 205, 206, 211, 212, 213, 214, 220], "summary": {"covered_lines": 14, "num_statements": 19, "percent_covered": 69.56521739130434, "percent_covered_display": "69.57", "missing_lines": 5, "excluded_lines": 0, "num_branches": 4, "num_partial_branches": 2, "covered_branches": 2, "missing_branches": 2}, "missing_lines": [208, 209, 216, 217, 218], "excluded_lines": [], "executed_branches": [[204, 205], [211, 212]], "missing_branches": [[204, 208], [211, 216]]}, "KasminaBatchNorm2dLayer.copy_weights_from_batchnorm": {"executed_lines": [224, 225, 226, 227, 228, 229, 231, 232, 233, 234, 235, 236, 237, 239], "summary": {"covered_lines": 14, "num_statements": 14, "percent_covered": 75.0, "percent_covered_display": "75.00", "missing_lines": 0, "excluded_lines": 0, "num_branches": 14, "num_partial_branches": 7, "covered_branches": 7, "missing_branches": 7}, "missing_lines": [], "excluded_lines": [], "executed_branches": [[225, 226], [226, 227], [228, 229], [231, 232], [232, 233], [234, 235], [236, 237]], "missing_branches": [[225, 231], [226, 228], [228, 231], [231, 239], [232, 234], [234, 236], [236, 239]]}, "KasminaBatchNorm2dLayer.forward": {"executed_lines": [243, 246, 252, 258, 262, 265], "summary": {"covered_lines": 6, "num_statements": 10, "percent_covered": 55.55555555555556, "percent_covered_display": "55.56", "missing_lines": 4, "excluded_lines": 0, "num_branches": 8, "num_partial_branches": 4, "covered_branches": 4, "missing_branches": 4}, "missing_lines": [244, 247, 259, 263], "excluded_lines": [], "executed_branches": [[243, 246], [246, 252], [258, 262], [262, 265]], "missing_branches": [[243, 244], [246, 247], [258, 259], [262, 263]]}, "KasminaBatchNorm2dLayer._has_active_seeds": {"executed_lines": [269], "summary": {"covered_lines": 1, "num_statements": 1, "percent_covered": 100.0, "percent_covered_display": "100.00", "missing_lines": 0, "excluded_lines": 0, "num_branches": 0, "num_partial_branches": 0, "covered_branches": 0, "missing_branches": 0}, "missing_lines": [], "excluded_lines": [], "executed_branches": [], "missing_branches": []}, "KasminaBatchNorm2dLayer._apply_morphogenetic_adaptation": {"executed_lines": [], "summary": {"covered_lines": 0, "num_statements": 8, "percent_covered": 0.0, "percent_covered_display": "0.00", "missing_lines": 8, "excluded_lines": 0, "num_branches": 4, "num_partial_branches": 0, "covered_branches": 0, "missing_branches": 4}, "missing_lines": [273, 274, 276, 278, 279, 280, 281, 283], "excluded_lines": [], "executed_branches": [], "missing_branches": [[278, 279], [278, 283], [279, 278], [279, 280]]}, "KasminaBatchNorm2dLayer._compute_seed_adaptation": {"executed_lines": [], "summary": {"covered_lines": 0, "num_statements": 6, "percent_covered": 0.0, "percent_covered_display": "0.00", "missing_lines": 6, "excluded_lines": 0, "num_branches": 2, "num_partial_branches": 0, "covered_branches": 0, "missing_branches": 2}, "missing_lines": [287, 289, 290, 292, 298, 303], "excluded_lines": [], "executed_branches": [], "missing_branches": [[287, 289], [287, 298]]}, "KasminaBatchNorm2dLayer._update_telemetry": {"executed_lines": [], "summary": {"covered_lines": 0, "num_statements": 6, "percent_covered": 0.0, "percent_covered_display": "0.00", "missing_lines": 6, "excluded_lines": 0, "num_branches": 2, "num_partial_branches": 0, "covered_branches": 0, "missing_branches": 2}, "missing_lines": [308, 309, 312, 313, 314, 315], "excluded_lines": [], "executed_branches": [], "missing_branches": [[313, -305], [313, 314]]}, "KasminaBatchNorm2dLayer._compute_health_score": {"executed_lines": [], "summary": {"covered_lines": 0, "num_statements": 7, "percent_covered": 0.0, "percent_covered_display": "0.00", "missing_lines": 7, "excluded_lines": 0, "num_branches": 0, "num_partial_branches": 0, "covered_branches": 0, "missing_branches": 0}, "missing_lines": [324, 325, 328, 329, 332, 335, 337], "excluded_lines": [], "executed_branches": [], "missing_branches": []}, "KasminaBatchNorm2dLayer.get_adaptation_stats": {"executed_lines": [341, 343], "summary": {"covered_lines": 2, "num_statements": 2, "percent_covered": 100.0, "percent_covered_display": "100.00", "missing_lines": 0, "excluded_lines": 0, "num_branches": 0, "num_partial_branches": 0, "covered_branches": 0, "missing_branches": 0}, "missing_lines": [], "excluded_lines": [], "executed_branches": [], "missing_branches": []}, "KasminaBatchNorm2dLayer.extra_repr": {"executed_lines": [], "summary": {"covered_lines": 0, "num_statements": 1, "percent_covered": 0.0, "percent_covered_display": "0.00", "missing_lines": 1, "excluded_lines": 0, "num_branches": 0, "num_partial_branches": 0, "covered_branches": 0, "missing_branches": 0}, "missing_lines": [356], "excluded_lines": [], "executed_branches": [], "missing_branches": []}, "": {"executed_lines": [1, 8, 10, 11, 12, 14, 16, 19, 20, 24, 83, 102, 119, 123, 137, 158, 159, 163, 222, 241, 267, 271, 285, 305, 321, 339, 354], "summary": {"covered_lines": 24, "num_statements": 24, "percent_covered": 100.0, "percent_covered_display": "100.00", "missing_lines": 0, "excluded_lines": 0, "num_branches": 0, "num_partial_branches": 0, "covered_branches": 0, "missing_branches": 0}, "missing_lines": [], "excluded_lines": [], "executed_branches": [], "missing_branches": []}}, "classes": {"KasminaBatchNorm1dLayer": {"executed_lines": [], "summary": {"covered_lines": 0, "num_statements": 54, "percent_covered": 0.0, "percent_covered_display": "0.00", "missing_lines": 54, "excluded_lines": 0, "num_branches": 28, "num_partial_branches": 0, "covered_branches": 0, "missing_branches": 28}, "missing_lines": [50, 59, 60, 61, 62, 63, 65, 66, 67, 69, 70, 72, 73, 74, 75, 77, 78, 79, 81, 85, 86, 87, 88, 89, 90, 92, 93, 94, 95, 96, 97, 98, 100, 104, 105, 108, 114, 115, 117, 121, 125, 126, 128, 130, 131, 132, 133, 135, 139, 141, 142, 144, 150, 155], "excluded_lines": [], "executed_branches": [], "missing_branches": [[65, 66], [65, 69], [72, 73], [72, 77], [86, 87], [86, 92], [87, 88], [87, 89], [89, 90], [89, 92], [92, 93], [92, 100], [93, 94], [93, 95], [95, 96], [95, 97], [97, 98], [97, 100], [104, 105], [104, 108], [114, 115], [114, 117], [130, 131], [130, 135], [131, 130], [131, 132], [139, 141], [139, 150]]}, "KasminaBatchNorm2dLayer": {"executed_lines": [189, 198, 199, 200, 201, 202, 204, 205, 206, 211, 212, 213, 214, 220, 224, 225, 226, 227, 228, 229, 231, 232, 233, 234, 235, 236, 237, 239, 243, 246, 252, 258, 262, 265, 269, 341, 343], "summary": {"covered_lines": 37, "num_statements": 74, "percent_covered": 46.2962962962963, "percent_covered_display": "46.30", "missing_lines": 37, "excluded_lines": 0, "num_branches": 34, "num_partial_branches": 13, "covered_branches": 13, "missing_branches": 21}, "missing_lines": [208, 209, 216, 217, 218, 244, 247, 259, 263, 273, 274, 276, 278, 279, 280, 281, 283, 287, 289, 290, 292, 298, 303, 308, 309, 312, 313, 314, 315, 324, 325, 328, 329, 332, 335, 337, 356], "excluded_lines": [], "executed_branches": [[204, 205], [211, 212], [225, 226], [226, 227], [228, 229], [231, 232], [232, 233], [234, 235], [236, 237], [243, 246], [246, 252], [258, 262], [262, 265]], "missing_branches": [[204, 208], [211, 216], [225, 231], [226, 228], [228, 231], [231, 239], [232, 234], [234, 236], [236, 239], [243, 244], [246, 247], [258, 259], [262, 263], [278, 279], [278, 283], [279, 278], [279, 280], [287, 289], [287, 298], [313, -305], [313, 314]]}, "": {"executed_lines": [1, 8, 10, 11, 12, 14, 16, 19, 20, 24, 83, 102, 119, 123, 137, 158, 159, 163, 222, 241, 267, 271, 285, 305, 321, 339, 354], "summary": {"covered_lines": 24, "num_statements": 24, "percent_covered": 100.0, "percent_covered_display": "100.00", "missing_lines": 0, "excluded_lines": 0, "num_branches": 0, "num_partial_branches": 0, "covered_branches": 0, "missing_branches": 0}, "missing_lines": [], "excluded_lines": [], "executed_branches": [], "missing_branches": []}}}, "src/esper/execution/kasmina_conv2d_layer.py": {"executed_lines": [1, 8, 9, 10, 11, 12, 14, 15, 17, 19, 22, 23, 30, 63, 73, 74, 75, 80, 81, 82, 85, 86, 89, 101, 112, 117, 128, 129, 131, 132, 136, 139, 141, 143, 148, 216, 249, 262, 266, 267, 269, 270, 271, 276, 277, 282, 283, 291, 293, 304, 311, 314, 323, 324, 326, 333, 334, 337, 341, 348, 349, 350, 351, 353], "summary": {"covered_lines": 62, "num_statements": 102, "percent_covered": 58.088235294117645, "percent_covered_display": "58.09", "missing_lines": 40, "excluded_lines": 0, "num_branches": 34, "num_partial_branches": 7, "covered_branches": 17, "missing_branches": 17}, "missing_lines": [146, 161, 164, 167, 170, 171, 174, 175, 176, 178, 181, 182, 187, 192, 193, 194, 196, 198, 199, 201, 204, 206, 209, 210, 212, 214, 235, 239, 242, 243, 244, 245, 247, 263, 279, 296, 297, 298, 299, 302], "excluded_lines": [], "executed_branches": [[128, 129], [128, 131], [131, 132], [131, 136], [141, 143], [262, 266], [266, 267], [267, 269], [269, 270], [276, 277], [277, 282], [333, 334], [333, 337], [337, 341], [337, 348], [350, 351], [350, 353]], "missing_branches": [[141, 146], [174, 175], [174, 204], [175, 174], [175, 176], [181, 182], [181, 192], [204, 206], [204, 212], [242, 243], [242, 247], [262, 263], [266, 296], [267, 296], [269, 296], [276, 293], [277, 279]], "functions": {"KasminaConv2dLayer.__init__": {"executed_lines": [63, 73, 74, 75, 80, 81, 82, 85, 86, 89, 101, 112], "summary": {"covered_lines": 12, "num_statements": 12, "percent_covered": 100.0, "percent_covered_display": "100.00", "missing_lines": 0, "excluded_lines": 0, "num_branches": 0, "num_partial_branches": 0, "covered_branches": 0, "missing_branches": 0}, "missing_lines": [], "excluded_lines": [], "executed_branches": [], "missing_branches": []}, "KasminaConv2dLayer.forward": {"executed_lines": [128, 129, 131, 132, 136, 139, 141, 143], "summary": {"covered_lines": 8, "num_statements": 9, "percent_covered": 86.66666666666667, "percent_covered_display": "86.67", "missing_lines": 1, "excluded_lines": 0, "num_branches": 6, "num_partial_branches": 1, "covered_branches": 5, "missing_branches": 1}, "missing_lines": [146], "excluded_lines": [], "executed_branches": [[128, 129], [128, 131], [131, 132], [131, 136], [141, 143]], "missing_branches": [[141, 146]]}, "KasminaConv2dLayer._execute_with_seeds": {"executed_lines": [], "summary": {"covered_lines": 0, "num_statements": 25, "percent_covered": 0.0, "percent_covered_display": "0.00", "missing_lines": 25, "excluded_lines": 0, "num_branches": 8, "num_partial_branches": 0, "covered_branches": 0, "missing_branches": 8}, "missing_lines": [161, 164, 167, 170, 171, 174, 175, 176, 178, 181, 182, 187, 192, 193, 194, 196, 198, 199, 201, 204, 206, 209, 210, 212, 214], "excluded_lines": [], "executed_branches": [], "missing_branches": [[174, 175], [174, 204], [175, 174], [175, 176], [181, 182], [181, 192], [204, 206], [204, 212]]}, "KasminaConv2dLayer._execute_kernel_placeholder": {"executed_lines": [], "summary": {"covered_lines": 0, "num_statements": 7, "percent_covered": 0.0, "percent_covered_display": "0.00", "missing_lines": 7, "excluded_lines": 0, "num_branches": 2, "num_partial_branches": 0, "covered_branches": 0, "missing_branches": 2}, "missing_lines": [235, 239, 242, 243, 244, 245, 247], "excluded_lines": [], "executed_branches": [], "missing_branches": [[242, 243], [242, 247]]}, "KasminaConv2dLayer._adapt_output_shape": {"executed_lines": [262, 266, 267, 269, 270, 271, 276, 277, 282, 283, 291, 293], "summary": {"covered_lines": 12, "num_statements": 19, "percent_covered": 58.064516129032256, "percent_covered_display": "58.06", "missing_lines": 7, "excluded_lines": 0, "num_branches": 12, "num_partial_branches": 6, "covered_branches": 6, "missing_branches": 6}, "missing_lines": [263, 279, 296, 297, 298, 299, 302], "excluded_lines": [], "executed_branches": [[262, 266], [266, 267], [267, 269], [269, 270], [276, 277], [277, 282]], "missing_branches": [[262, 263], [266, 296], [267, 296], [269, 296], [276, 293], [277, 279]]}, "KasminaConv2dLayer.get_layer_stats": {"executed_lines": [311, 314, 323, 324], "summary": {"covered_lines": 4, "num_statements": 4, "percent_covered": 100.0, "percent_covered_display": "100.00", "missing_lines": 0, "excluded_lines": 0, "num_branches": 0, "num_partial_branches": 0, "covered_branches": 0, "missing_branches": 0}, "missing_lines": [], "excluded_lines": [], "executed_branches": [], "missing_branches": []}, "KasminaConv2dLayer.copy_weights_from_conv2d": {"executed_lines": [333, 334, 337, 341, 348, 349, 350, 351, 353], "summary": {"covered_lines": 9, "num_statements": 9, "percent_covered": 100.0, "percent_covered_display": "100.00", "missing_lines": 0, "excluded_lines": 0, "num_branches": 6, "num_partial_branches": 0, "covered_branches": 6, "missing_branches": 0}, "missing_lines": [], "excluded_lines": [], "executed_branches": [[333, 334], [333, 337], [337, 341], [337, 348], [350, 351], [350, 353]], "missing_branches": []}, "": {"executed_lines": [1, 8, 9, 10, 11, 12, 14, 15, 17, 19, 22, 23, 30, 117, 148, 216, 249, 304, 326], "summary": {"covered_lines": 17, "num_statements": 17, "percent_covered": 100.0, "percent_covered_display": "100.00", "missing_lines": 0, "excluded_lines": 0, "num_branches": 0, "num_partial_branches": 0, "covered_branches": 0, "missing_branches": 0}, "missing_lines": [], "excluded_lines": [], "executed_branches": [], "missing_branches": []}}, "classes": {"KasminaConv2dLayer": {"executed_lines": [63, 73, 74, 75, 80, 81, 82, 85, 86, 89, 101, 112, 128, 129, 131, 132, 136, 139, 141, 143, 262, 266, 267, 269, 270, 271, 276, 277, 282, 283, 291, 293, 311, 314, 323, 324, 333, 334, 337, 341, 348, 349, 350, 351, 353], "summary": {"covered_lines": 45, "num_statements": 85, "percent_covered": 52.10084033613445, "percent_covered_display": "52.10", "missing_lines": 40, "excluded_lines": 0, "num_branches": 34, "num_partial_branches": 7, "covered_branches": 17, "missing_branches": 17}, "missing_lines": [146, 161, 164, 167, 170, 171, 174, 175, 176, 178, 181, 182, 187, 192, 193, 194, 196, 198, 199, 201, 204, 206, 209, 210, 212, 214, 235, 239, 242, 243, 244, 245, 247, 263, 279, 296, 297, 298, 299, 302], "excluded_lines": [], "executed_branches": [[128, 129], [128, 131], [131, 132], [131, 136], [141, 143], [262, 266], [266, 267], [267, 269], [269, 270], [276, 277], [277, 282], [333, 334], [333, 337], [337, 341], [337, 348], [350, 351], [350, 353]], "missing_branches": [[141, 146], [174, 175], [174, 204], [175, 174], [175, 176], [181, 182], [181, 192], [204, 206], [204, 212], [242, 243], [242, 247], [262, 263], [266, 296], [267, 296], [269, 296], [276, 293], [277, 279]]}, "": {"executed_lines": [1, 8, 9, 10, 11, 12, 14, 15, 17, 19, 22, 23, 30, 117, 148, 216, 249, 304, 326], "summary": {"covered_lines": 17, "num_statements": 17, "percent_covered": 100.0, "percent_covered_display": "100.00", "missing_lines": 0, "excluded_lines": 0, "num_branches": 0, "num_partial_branches": 0, "covered_branches": 0, "missing_branches": 0}, "missing_lines": [], "excluded_lines": [], "executed_branches": [], "missing_branches": []}}}, "src/esper/execution/kasmina_layer.py": {"executed_lines": [1, 8, 9, 10, 11, 12, 14, 15, 17, 18, 19, 20, 21, 23, 24, 25, 27, 30, 31, 38, 58, 60, 61, 62, 63, 64, 67, 70, 75, 78, 84, 85, 86, 87, 88, 90, 91, 95, 96, 98, 100, 110, 111, 115, 117, 120, 123, 124, 125, 128, 138, 140, 153, 154, 158, 159, 160, 162, 164, 167, 168, 170, 173, 174, 187, 189, 206, 207, 209, 227, 228, 229, 230, 233, 236, 238, 250, 251, 252, 256, 290, 308, 319, 320, 323, 330, 332, 337, 339, 341, 342, 347, 349, 350, 351, 354, 357, 371, 382, 383, 386, 395, 397, 400, 423, 425, 427, 428, 447, 451, 452, 482, 492, 493, 495, 496, 499, 501, 502, 508, 515, 516, 518, 530, 538, 539, 541, 542, 544, 546, 556, 559, 562, 565, 566, 569, 572, 573, 574, 576, 578], "summary": {"covered_lines": 139, "num_statements": 193, "percent_covered": 70.3862660944206, "percent_covered_display": "70.39", "missing_lines": 54, "excluded_lines": 0, "num_branches": 40, "num_partial_branches": 5, "covered_branches": 25, "missing_branches": 15}, "missing_lines": [89, 129, 131, 136, 178, 179, 180, 182, 183, 253, 254, 264, 266, 269, 283, 284, 287, 288, 297, 298, 304, 305, 306, 359, 361, 364, 366, 368, 369, 388, 391, 404, 406, 407, 408, 411, 415, 418, 430, 431, 443, 444, 445, 454, 455, 464, 465, 472, 478, 479, 480, 504, 505, 506], "excluded_lines": [], "executed_branches": [[86, 87], [86, 95], [115, 117], [115, 120], [128, 138], [158, 159], [158, 187], [159, 160], [159, 162], [228, 229], [228, 233], [229, 228], [229, 230], [319, 320], [319, 323], [339, 341], [339, 354], [386, 395], [395, 397], [427, 428], [451, 452], [492, 493], [492, 495], [538, 539], [538, 541]], "missing_branches": [[128, 129], [182, 158], [182, 183], [283, -256], [283, 284], [386, 388], [395, 404], [404, 406], [404, 423], [407, 408], [407, 415], [427, 430], [451, 454], [464, 465], [464, 472]], "functions": {"KasminaLayer.__init__": {"executed_lines": [58, 60, 61, 62, 63, 64, 67, 70, 75, 78, 84, 85, 86, 87, 88, 90, 91, 95, 96, 98], "summary": {"covered_lines": 20, "num_statements": 21, "percent_covered": 95.65217391304348, "percent_covered_display": "95.65", "missing_lines": 1, "excluded_lines": 0, "num_branches": 2, "num_partial_branches": 0, "covered_branches": 2, "missing_branches": 0}, "missing_lines": [89], "excluded_lines": [], "executed_branches": [[86, 87], [86, 95]], "missing_branches": []}, "KasminaLayer.forward": {"executed_lines": [110, 111, 115, 117, 120, 123, 124, 125, 128, 138], "summary": {"covered_lines": 10, "num_statements": 13, "percent_covered": 76.47058823529412, "percent_covered_display": "76.47", "missing_lines": 3, "excluded_lines": 0, "num_branches": 4, "num_partial_branches": 1, "covered_branches": 3, "missing_branches": 1}, "missing_lines": [129, 131, 136], "excluded_lines": [], "executed_branches": [[115, 117], [115, 120], [128, 138]], "missing_branches": [[128, 129]]}, "KasminaLayer._execute_with_kernels": {"executed_lines": [153, 154, 158, 159, 160, 162, 164, 167, 168, 170, 173, 174, 187], "summary": {"covered_lines": 13, "num_statements": 18, "percent_covered": 70.83333333333333, "percent_covered_display": "70.83", "missing_lines": 5, "excluded_lines": 0, "num_branches": 6, "num_partial_branches": 0, "covered_branches": 4, "missing_branches": 2}, "missing_lines": [178, 179, 180, 182, 183], "excluded_lines": [], "executed_branches": [[158, 159], [158, 187], [159, 160], [159, 162]], "missing_branches": [[182, 158], [182, 183]]}, "KasminaLayer._execute_kernel_placeholder": {"executed_lines": [206, 207], "summary": {"covered_lines": 2, "num_statements": 2, "percent_covered": 100.0, "percent_covered_display": "100.00", "missing_lines": 0, "excluded_lines": 0, "num_branches": 0, "num_partial_branches": 0, "covered_branches": 0, "missing_branches": 0}, "missing_lines": [], "excluded_lines": [], "executed_branches": [], "missing_branches": []}, "KasminaLayer._blend_outputs": {"executed_lines": [227, 228, 229, 230, 233, 236], "summary": {"covered_lines": 6, "num_statements": 6, "percent_covered": 100.0, "percent_covered_display": "100.00", "missing_lines": 0, "excluded_lines": 0, "num_branches": 4, "num_partial_branches": 0, "covered_branches": 4, "missing_branches": 0}, "missing_lines": [], "excluded_lines": [], "executed_branches": [[228, 229], [228, 233], [229, 228], [229, 230]], "missing_branches": []}, "KasminaLayer._compute_health_score": {"executed_lines": [250, 251, 252], "summary": {"covered_lines": 3, "num_statements": 5, "percent_covered": 60.0, "percent_covered_display": "60.00", "missing_lines": 2, "excluded_lines": 0, "num_branches": 0, "num_partial_branches": 0, "covered_branches": 0, "missing_branches": 0}, "missing_lines": [253, 254], "excluded_lines": [], "executed_branches": [], "missing_branches": []}, "KasminaLayer._update_telemetry": {"executed_lines": [], "summary": {"covered_lines": 0, "num_statements": 7, "percent_covered": 0.0, "percent_covered_display": "0.00", "missing_lines": 7, "excluded_lines": 0, "num_branches": 2, "num_partial_branches": 0, "covered_branches": 0, "missing_branches": 2}, "missing_lines": [264, 266, 269, 283, 284, 287, 288], "excluded_lines": [], "executed_branches": [], "missing_branches": [[283, -256], [283, 284]]}, "KasminaLayer._publish_health_signal": {"executed_lines": [], "summary": {"covered_lines": 0, "num_statements": 5, "percent_covered": 0.0, "percent_covered_display": "0.00", "missing_lines": 5, "excluded_lines": 0, "num_branches": 0, "num_partial_branches": 0, "covered_branches": 0, "missing_branches": 0}, "missing_lines": [297, 298, 304, 305, 306], "excluded_lines": [], "executed_branches": [], "missing_branches": []}, "KasminaLayer.load_kernel": {"executed_lines": [319, 320, 323, 330, 332, 337, 339, 341, 342, 347, 349, 350, 351, 354, 357], "summary": {"covered_lines": 15, "num_statements": 21, "percent_covered": 76.0, "percent_covered_display": "76.00", "missing_lines": 6, "excluded_lines": 0, "num_branches": 4, "num_partial_branches": 0, "covered_branches": 4, "missing_branches": 0}, "missing_lines": [359, 361, 364, 366, 368, 369], "excluded_lines": [], "executed_branches": [[319, 320], [319, 323], [339, 341], [339, 354]], "missing_branches": []}, "KasminaLayer._handle_kernel_load_failure": {"executed_lines": [382, 383, 386, 395, 397, 400, 423], "summary": {"covered_lines": 7, "num_statements": 16, "percent_covered": 37.5, "percent_covered_display": "37.50", "missing_lines": 9, "excluded_lines": 0, "num_branches": 8, "num_partial_branches": 2, "covered_branches": 2, "missing_branches": 6}, "missing_lines": [388, 391, 404, 406, 407, 408, 411, 415, 418], "excluded_lines": [], "executed_branches": [[386, 395], [395, 397]], "missing_branches": [[386, 388], [395, 404], [404, 406], [404, 423], [407, 408], [407, 415]]}, "KasminaLayer._publish_success_telemetry": {"executed_lines": [427, 428], "summary": {"covered_lines": 2, "num_statements":
[...]
m_partial_branches": 0, "covered_branches": 0, "missing_branches": 0}, "missing_lines": [], "excluded_lines": [], "executed_branches": [], "missing_branches": []}, "OptimizedStructuredFormatter.format": {"executed_lines": [35, 37, 39, 41, 42, 43, 46], "summary": {"covered_lines": 7, "num_statements": 7, "percent_covered": 90.9090909090909, "percent_covered_display": "90.91", "missing_lines": 0, "excluded_lines": 0, "num_branches": 4, "num_partial_branches": 1, "covered_branches": 3, "missing_branches": 1}, "missing_lines": [], "excluded_lines": [], "executed_branches": [[37, 39], [37, 46], [41, 42]], "missing_branches": [[41, 43]]}, "AsyncEsperLogger.__init__": {"executed_lines": [53, 54, 55, 58, 62, 63], "summary": {"covered_lines": 6, "num_statements": 6, "percent_covered": 100.0, "percent_covered_display": "100.00", "missing_lines": 0, "excluded_lines": 0, "num_branches": 0, "num_partial_branches": 0, "covered_branches": 0, "missing_branches": 0}, "missing_lines": [], "excluded_lines": [], "executed_branches": [], "missing_branches": []}, "AsyncEsperLogger._setup_async_handler": {"executed_lines": [67, 68, 71, 72, 74, 77], "summary": {"covered_lines": 6, "num_statements": 6, "percent_covered": 100.0, "percent_covered_display": "100.00", "missing_lines": 0, "excluded_lines": 0, "num_branches": 0, "num_partial_branches": 0, "covered_branches": 0, "missing_branches": 0}, "missing_lines": [], "excluded_lines": [], "executed_branches": [], "missing_branches": []}, "AsyncEsperLogger.shutdown": {"executed_lines": [81, 82, 83, 84, 85], "summary": {"covered_lines": 5, "num_statements": 5, "percent_covered": 77.77777777777777, "percent_covered_display": "77.78", "missing_lines": 0, "excluded_lines": 0, "num_branches": 4, "num_partial_branches": 2, "covered_branches": 2, "missing_branches": 2}, "missing_lines": [], "excluded_lines": [], "executed_branches": [[81, 82], [83, 84]], "missing_branches": [[81, 83], [83, 85]]}, "setup_logging": {"executed_lines": [90, 91, 94, 99, 100, 101, 104, 105, 107], "summary": {"covered_lines": 9, "num_statements": 9, "percent_covered": 100.0, "percent_covered_display": "100.00", "missing_lines": 0, "excluded_lines": 0, "num_branches": 2, "num_partial_branches": 0, "covered_branches": 2, "missing_branches": 0}, "missing_lines": [], "excluded_lines": [], "executed_branches": [[99, 100], [99, 107]], "missing_branches": []}, "setup_high_performance_logging": {"executed_lines": [115, 116, 119, 124, 125, 126, 129, 130, 132], "summary": {"covered_lines": 9, "num_statements": 9, "percent_covered": 90.9090909090909, "percent_covered_display": "90.91", "missing_lines": 0, "excluded_lines": 0, "num_branches": 2, "num_partial_branches": 1, "covered_branches": 1, "missing_branches": 1}, "missing_lines": [], "excluded_lines": [], "executed_branches": [[124, 125]], "missing_branches": [[124, 132]]}, "": {"executed_lines": [1, 7, 8, 9, 10, 11, 12, 15, 16, 18, 23, 24, 26, 32, 49, 50, 52, 65, 79, 88, 110], "summary": {"covered_lines": 17, "num_statements": 17, "percent_covered": 100.0, "percent_covered_display": "100.00", "missing_lines": 0, "excluded_lines": 0, "num_branches": 0, "num_partial_branches": 0, "covered_branches": 0, "missing_branches": 0}, "missing_lines": [], "excluded_lines": [], "executed_branches": [], "missing_branches": []}}, "classes": {"EsperStreamHandler": {"executed_lines": [19, 20], "summary": {"covered_lines": 2, "num_statements": 2, "percent_covered": 100.0, "percent_covered_display": "100.00", "missing_lines": 0, "excluded_lines": 0, "num_branches": 0, "num_partial_branches": 0, "covered_branches": 0, "missing_branches": 0}, "missing_lines": [], "excluded_lines": [], "executed_branches": [], "missing_branches": []}, "OptimizedStructuredFormatter": {"executed_lines": [27, 29, 30, 35, 37, 39, 41, 42, 43, 46], "summary": {"covered_lines": 10, "num_statements": 10, "percent_covered": 92.85714285714286, "percent_covered_display": "92.86", "missing_lines": 0, "excluded_lines": 0, "num_branches": 4, "num_partial_branches": 1, "covered_branches": 3, "missing_branches": 1}, "missing_lines": [], "excluded_lines": [], "executed_branches": [[37, 39], [37, 46], [41, 42]], "missing_branches": [[41, 43]]}, "AsyncEsperLogger": {"executed_lines": [53, 54, 55, 58, 62, 63, 67, 68, 71, 72, 74, 77, 81, 82, 83, 84, 85], "summary": {"covered_lines": 17, "num_statements": 17, "percent_covered": 90.47619047619048, "percent_covered_display": "90.48", "missing_lines": 0, "excluded_lines": 0, "num_branches": 4, "num_partial_branches": 2, "covered_branches": 2, "missing_branches": 2}, "missing_lines": [], "excluded_lines": [], "executed_branches": [[81, 82], [83, 84]], "missing_branches": [[81, 83], [83, 85]]}, "": {"executed_lines": [1, 7, 8, 9, 10, 11, 12, 15, 16, 18, 23, 24, 26, 32, 49, 50, 52, 65, 79, 88, 90, 91, 94, 99, 100, 101, 104, 105, 107, 110, 115, 116, 119, 124, 125, 126, 129, 130, 132], "summary": {"covered_lines": 35, "num_statements": 35, "percent_covered": 97.43589743589743, "percent_covered_display": "97.44", "missing_lines": 0, "excluded_lines": 0, "num_branches": 4, "num_partial_branches": 1, "covered_branches": 3, "missing_branches": 1}, "missing_lines": [], "excluded_lines": [], "executed_branches": [[99, 100], [99, 107], [124, 125]], "missing_branches": [[124, 132]]}}}, "src/esper/utils/s3_client.py": {"executed_lines": [1, 12, 13, 14, 15, 16, 17, 18, 19, 20, 21, 22, 24, 25, 26, 28, 31, 34, 35, 36, 38, 39, 40, 41, 42, 43, 44, 45, 47, 48, 50, 61, 62, 63, 65, 66, 67, 68, 69, 70, 73, 74, 76, 78, 79, 80, 81, 82, 85, 86, 87, 89, 91, 101, 103, 104, 106, 107, 108, 110, 129, 130, 131, 133, 134, 137, 138, 142, 143, 144, 145, 146, 156, 157, 166, 168, 169, 170, 172, 174, 175, 184, 185, 188, 189, 195, 197, 213, 227, 228, 231, 232, 234, 235, 236, 237, 238, 243, 248, 249, 258, 305, 348, 359, 360, 363, 365, 366, 367, 368, 372, 373, 378, 380, 381, 382, 384, 386, 393, 396, 404, 405, 420, 422, 423, 425, 426, 427, 430, 431, 433, 435, 436, 444, 445, 450, 455, 456, 459, 463, 472, 473, 475, 477, 478, 479, 482, 486, 487, 489, 490, 492, 494, 496, 498, 499, 500, 503, 506, 508, 511, 518, 519, 522, 526, 527, 530, 532, 533, 536, 544, 545, 546, 548, 550, 551, 553, 554, 556, 559, 560], "summary": {"covered_lines": 176, "num_statements": 222, "percent_covered": 77.6923076923077, "percent_covered_display": "77.69", "missing_lines": 46, "excluded_lines": 0, "num_branches": 38, "num_partial_branches": 6, "covered_branches": 26, "missing_branches": 12}, "missing_lines": [139, 140, 198, 199, 208, 209, 211, 229, 260, 261, 262, 264, 266, 267, 276, 277, 280, 281, 287, 289, 290, 291, 300, 301, 303, 323, 324, 325, 328, 329, 330, 332, 334, 335, 339, 340, 342, 345, 346, 361, 407, 408, 409, 417, 418, 461], "excluded_lines": [], "executed_branches": [[106, 107], [106, 108], [130, 131], [130, 133], [142, 143], [172, 174], [172, 188], [228, 231], [234, 235], [360, 363], [384, 386], [384, 396], [425, 426], [425, 430], [430, -420], [430, 431], [435, 436], [435, 444], [455, 456], [477, 478], [494, 496], [494, 498], [498, 499], [498, 500], [553, 554], [553, 556]], "missing_branches": [[142, 211], [228, 229], [234, 303], [264, 266], [264, 280], [324, 325], [324, 328], [339, 340], [339, 342], [360, 361], [455, 461], [477, 479]], "functions": {"S3ClientConfig.from_environment": {"executed_lines": [50], "summary": {"covered_lines": 1, "num_statements": 1, "percent_covered": 100.0, "percent_covered_display": "100.00", "missing_lines": 0, "excluded_lines": 0, "num_branches": 0, "num_partial_branches": 0, "covered_branches": 0, "missing_branches": 0}, "missing_lines": [], "excluded_lines": [], "executed_branches": [], "missing_branches": []}, "OptimizedS3Client.__init__": {"executed_lines": [78, 79, 80, 81, 82, 85, 86, 87], "summary": {"covered_lines": 8, "num_statements": 8, "percent_covered": 100.0, "percent_covered_display": "100.00", "missing_lines": 0, "excluded_lines": 0, "num_branches": 0, "num_partial_branches": 0, "covered_branches": 0, "missing_branches": 0}, "missing_lines": [], "excluded_lines": [], "executed_branches": [], "missing_branches": []}, "OptimizedS3Client._create_optimized_client": {"executed_lines": [91, 101], "summary": {"covered_lines": 2, "num_statements": 2, "percent_covered": 100.0, "percent_covered_display": "100.00", "missing_lines": 0, "excluded_lines": 0, "num_branches": 0, "num_partial_branches": 0, "covered_branches": 0, "missing_branches": 0}, "missing_lines": [], "excluded_lines": [], "executed_branches": [], "missing_branches": []}, "OptimizedS3Client.client": {"executed_lines": [106, 107, 108], "summary": {"covered_lines": 3, "num_statements": 3, "percent_covered": 100.0, "percent_covered_display": "100.00", "missing_lines": 0, "excluded_lines": 0, "num_branches": 2, "num_partial_branches": 0, "covered_branches": 2, "missing_branches": 0}, "missing_lines": [], "excluded_lines": [], "executed_branches": [[106, 107], [106, 108]], "missing_branches": []}, "OptimizedS3Client.upload_file": {"executed_lines": [129, 130, 131, 133, 134, 137, 138, 142, 143, 144, 145, 146, 156, 157, 166, 168, 169, 170, 172, 174, 175, 184, 185, 188, 189, 195, 197], "summary": {"covered_lines": 27, "num_statements": 34, "percent_covered": 80.0, "percent_covered_display": "80.00", "missing_lines": 7, "excluded_lines": 0, "num_branches": 6, "num_partial_branches": 1, "covered_branches": 5, "missing_branches": 1}, "missing_lines": [139, 140, 198, 199, 208, 209, 211], "excluded_lines": [], "executed_branches": [[130, 131], [130, 133], [142, 143], [172, 174], [172, 188]], "missing_branches": [[142, 211]]}, "OptimizedS3Client.download_file": {"executed_lines": [227, 228, 231, 232, 234, 235, 236, 237, 238, 243, 248, 249, 258], "summary": {"covered_lines": 13, "num_statements": 31, "percent_covered": 40.54054054054054, "percent_covered_display": "40.54", "missing_lines": 18, "excluded_lines": 0, "num_branches": 6, "num_partial_branches": 2, "covered_branches": 2, "missing_branches": 4}, "missing_lines": [229, 260, 261, 262, 264, 266, 267, 276, 277, 280, 281, 287, 289, 290, 291, 300, 301, 303], "excluded_lines": [], "executed_branches": [[228, 231], [234, 235]], "missing_branches": [[228, 229], [234, 303], [264, 266], [264, 280]]}, "OptimizedS3Client.upload_bytes": {"executed_lines": [], "summary": {"covered_lines": 0, "num_statements": 14, "percent_covered": 0.0, "percent_covered_display": "0.00", "missing_lines": 14, "excluded_lines": 0, "num_branches": 4, "num_partial_branches": 0, "covered_branches": 0, "missing_branches": 4}, "missing_lines": [323, 324, 325, 328, 329, 330, 332, 334, 335, 339, 340, 342, 345, 346], "excluded_lines": [], "executed_branches": [], "missing_branches": [[324, 325], [324, 328], [339, 340], [339, 342]]}, "OptimizedS3Client.object_exists": {"executed_lines": [359, 360, 363, 365, 366, 367, 368, 372, 373, 378, 380, 381, 382, 384, 386, 393, 396, 404, 405], "summary": {"covered_lines": 19, "num_statements": 25, "percent_covered": 75.86206896551724, "percent_covered_display": "75.86", "missing_lines": 6, "excluded_lines": 0, "num_branches": 4, "num_partial_branches": 1, "covered_branches": 3, "missing_branches": 1}, "missing_lines": [361, 407, 408, 409, 417, 418], "excluded_lines": [], "executed_branches": [[360, 363], [384, 386], [384, 396]], "missing_branches": [[360, 361]]}, "OptimizedS3Client._record_operation": {"executed_lines": [422, 423, 425, 426, 427, 430, 431], "summary": {"covered_lines": 7, "num_statements": 7, "percent_covered": 100.0, "percent_covered_display": "100.00", "missing_lines": 0, "excluded_lines": 0, "num_branches": 4, "num_partial_branches": 0, "covered_branches": 4, "missing_branches": 0}, "missing_lines": [], "excluded_lines": [], "executed_branches": [[425, 426], [425, 430], [430, -420], [430, 431]], "missing_branches": []}, "OptimizedS3Client.get_performance_metrics": {"executed_lines": [435, 436, 444, 445, 450, 455, 456, 459, 463], "summary": {"covered_lines": 9, "num_statements": 10, "percent_covered": 85.71428571428571, "percent_covered_display": "85.71", "missing_lines": 1, "excluded_lines": 0, "num_branches": 4, "num_partial_branches": 1, "covered_branches": 3, "missing_branches": 1}, "missing_lines": [461], "excluded_lines": [], "executed_branches": [[435, 436], [435, 444], [455, 456]], "missing_branches": [[455, 461]]}, "OptimizedS3Client.batch_context": {"executed_lines": [475, 477, 478, 479, 482], "summary": {"covered_lines": 5, "num_statements": 5, "percent_covered": 85.71428571428571, "percent_covered_display": "85.71", "missing_lines": 0, "excluded_lines": 0, "num_branches": 2, "num_partial_branches": 1, "covered_branches": 1, "missing_branches": 1}, "missing_lines": [], "excluded_lines": [], "executed_branches": [[477, 478]], "missing_branches": [[477, 479]]}, "_ClientManager.__init__": {"executed_lines": [490], "summary": {"covered_lines": 1, "num_statements": 1, "percent_covered": 100.0, "percent_covered_display": "100.00", "missing_lines": 0, "excluded_lines": 0, "num_branches": 0, "num_partial_branches": 0, "covered_branches": 0, "missing_branches": 0}, "missing_lines": [], "excluded_lines": [], "executed_branches": [], "missing_branches": []}, "_ClientManager.get_client": {"executed_lines": [494, 496, 498, 499, 500], "summary": {"covered_lines": 5, "num_statements": 5, "percent_covered": 100.0, "percent_covered_display": "100.00", "missing_lines": 0, "excluded_lines": 0, "num_branches": 4, "num_partial_branches": 0, "covered_branches": 4, "missing_branches": 0}, "missing_lines": [], "excluded_lines": [], "executed_branches": [[494, 496], [494, 498], [498, 499], [498, 500]], "missing_branches": []}, "get_s3_client": {"executed_lines": [508], "summary": {"covered_lines": 1, "num_statements": 1, "percent_covered": 100.0, "percent_covered_display": "100.00", "missing_lines": 0, "excluded_lines": 0, "num_branches": 0, "num_partial_branches": 0, "covered_branches": 0, "missing_branches": 0}, "missing_lines": [], "excluded_lines": [], "executed_branches": [], "missing_branches": []}, "upload_file": {"executed_lines": [518, 519], "summary": {"covered_lines": 2, "num_statements": 2, "percent_covered": 100.0, "percent_covered_display": "100.00", "missing_lines": 0, "excluded_lines": 0, "num_branches": 0, "num_partial_branches": 0, "covered_branches": 0, "missing_branches": 0}, "missing_lines": [], "excluded_lines": [], "executed_branches": [], "missing_branches": []}, "download_file": {"executed_lines": [526, 527], "summary": {"covered_lines": 2, "num_statements": 2, "percent_covered": 100.0, "percent_covered_display": "100.00", "missing_lines": 0, "excluded_lines": 0, "num_branches": 0, "num_partial_branches": 0, "covered_branches": 0, "missing_branches": 0}, "missing_lines": [], "excluded_lines": [], "executed_branches": [], "missing_branches": []}, "object_exists": {"executed_lines": [532, 533], "summary": {"covered_lines": 2, "num_statements": 2, "percent_covered": 100.0, "percent_covered_display": "100.00", "missing_lines": 0, "excluded_lines": 0, "num_branches": 0, "num_partial_branches": 0, "covered_branches": 0, "missing_branches": 0}, "missing_lines": [], "excluded_lines": [], "executed_branches": [], "missing_branches": []}, "upload_bytes": {"executed_lines": [544, 545, 546, 548, 550, 551, 553, 554, 556, 559, 560], "summary": {"covered_lines": 11, "num_statements": 11, "percent_covered": 100.0, "percent_covered_display": "100.00", "missing_lines": 0, "excluded_lines": 0, "num_branches": 2, "num_partial_branches": 0, "covered_branches": 2, "missing_branches": 0}, "missing_lines": [], "excluded_lines": [], "executed_branches": [[553, 554], [553, 556]], "missing_branches": []}, "": {"executed_lines": [1, 12, 13, 14, 15, 16, 17, 18, 19, 20, 21, 22, 24, 25, 26, 28, 31, 34, 35, 36, 38, 39, 40, 41, 42, 43, 44, 45, 47, 48, 61, 62, 63, 65, 66, 67, 68, 69, 70, 73, 74, 76, 89, 103, 104, 110, 213, 305, 348, 420, 433, 472, 473, 486, 487, 489, 492, 503, 506, 511, 522, 530, 536], "summary": {"covered_lines": 58, "num_statements": 58, "percent_covered": 100.0, "percent_covered_display": "100.00", "missing_lines": 0, "excluded_lines": 0, "num_branches": 0, "num_partial_branches": 0, "covered_branches": 0, "missing_branches": 0}, "missing_lines": [], "excluded_lines": [], "executed_branches": [], "missing_branches": []}}, "classes": {"S3ClientConfig": {"executed_lines": [50], "summary": {"covered_lines": 1, "num_statements": 1, "percent_covered": 100.0, "percent_covered_display": "100.00", "missing_lines": 0, "excluded_lines": 0, "num_branches": 0, "num_partial_branches": 0, "covered_branches": 0, "missing_branches": 0}, "missing_lines": [], "excluded_lines": [], "executed_branches": [], "missing_branches": []}, "S3Operation": {"executed_lines": [], "summary": {"covered_lines": 0, "num_statements": 0, "percent_covered": 100.0, "percent_covered_display": "100.00", "missing_lines": 0, "excluded_lines": 0, "num_branches": 0, "num_partial_branches": 0, "covered_branches": 0, "missing_branches": 0}, "missing_lines": [], "excluded_lines": [], "executed_branches": [], "missing_branches": []}, "OptimizedS3Client": {"executed_lines": [78, 79, 80, 81, 82, 85, 86, 87, 91, 101, 106, 107, 108, 129, 130, 131, 133, 134, 137, 138, 142, 143, 144, 145, 146, 156, 157, 166, 168, 169, 170, 172, 174, 175, 184, 185, 188, 189, 195, 197, 227, 228, 231, 232, 234, 235, 236, 237, 238, 243, 248, 249, 258, 359, 360, 363, 365, 366, 367, 368, 372, 373, 378, 380, 381, 382, 384, 386, 393, 396, 404, 405, 422, 423, 425, 426, 427, 430, 431, 435, 436, 444, 445, 450, 455, 456, 459, 463, 475, 477, 478, 479, 482], "summary": {"covered_lines": 93, "num_statements": 139, "percent_covered": 66.08187134502924, "percent_covered_display": "66.08", "missing_lines": 46, "excluded_lines": 0, "num_branches": 32, "num_partial_branches": 6, "covered_branches": 20, "missing_branches": 12}, "missing_lines": [139, 140, 198, 199, 208, 209, 211, 229, 260, 261, 262, 264, 266, 267, 276, 277, 280, 281, 287, 289, 290, 291, 300, 301, 303, 323, 324, 325, 328, 329, 330, 332, 334, 335, 339, 340, 342, 345, 346, 361, 407, 408, 409, 417, 418, 461], "excluded_lines": [], "executed_branches": [[106, 107], [106, 108], [130, 131], [130, 133], [142, 143], [172, 174], [172, 188], [228, 231], [234, 235], [360, 363], [384, 386], [384, 396], [425, 426], [425, 430], [430, -420], [430, 431], [435, 436], [435, 444], [455, 456], [477, 478]], "missing_branches": [[142, 211], [228, 229], [234, 303], [264, 266], [264, 280], [324, 325], [324, 328], [339, 340], [339, 342], [360, 361], [455, 461], [477, 479]]}, "_ClientManager": {"executed_lines": [490, 494, 496, 498, 499, 500], "summary": {"covered_lines": 6, "num_statements": 6, "percent_covered": 100.0, "percent_covered_display": "100.00", "missing_lines": 0, "excluded_lines": 0, "num_branches": 4, "num_partial_branches": 0, "covered_branches": 4, "missing_branches": 0}, "missing_lines": [], "excluded_lines": [], "executed_branches": [[494, 496], [494, 498], [498, 499], [498, 500]], "missing_branches": []}, "": {"executed_lines": [1, 12, 13, 14, 15, 16, 17, 18, 19, 20, 21, 22, 24, 25, 26, 28, 31, 34, 35, 36, 38, 39, 40, 41, 42, 43, 44, 45, 47, 48, 61, 62, 63, 65, 66, 67, 68, 69, 70, 73, 74, 76, 89, 103, 104, 110, 213, 305, 348, 420, 433, 472, 473, 486, 487, 489, 492, 503, 506, 508, 511, 518, 519, 522, 526, 527, 530, 532, 533, 536, 544, 545, 546, 548, 550, 551, 553, 554, 556, 559, 560], "summary": {"covered_lines": 76, "num_statements": 76, "percent_covered": 100.0, "percent_covered_display": "100.00", "missing_lines": 0, "excluded_lines": 0, "num_branches": 2, "num_partial_branches": 0, "covered_branches": 2, "missing_branches": 0}, "missing_lines": [], "excluded_lines": [], "executed_branches": [[553, 554], [553, 556]], "missing_branches": []}}}}, "totals": {"covered_lines": 2813, "num_statements": 3746, "percent_covered": 71.27377266696152, "percent_covered_display": "71.27", "missing_lines": 933, "excluded_lines": 83, "num_branches": 776, "num_partial_branches": 130, "covered_branches": 410, "missing_branches": 366}}